I, [2020-07-19T15:11:13.008070 #18240]  INFO -- : Refreshing Gem list
Zeitwerk::NameError: expected file /var/www/study-meter/releases/20200719150928/app/forms/admin/app_user_form.rb to define constant Admin::AppUserForm, but didn't
  /var/www/study-meter/shared/bundle/ruby/2.6.0/gems/zeitwerk-2.3.1/lib/zeitwerk/loader/callbacks.rb:17:in `on_file_autoloaded'
  /var/www/study-meter/shared/bundle/ruby/2.6.0/gems/zeitwerk-2.3.1/lib/zeitwerk/kernel.rb:28:in `block in require'
  /var/www/study-meter/shared/bundle/ruby/2.6.0/gems/zeitwerk-2.3.1/lib/zeitwerk/kernel.rb:27:in `tap'
  /var/www/study-meter/shared/bundle/ruby/2.6.0/gems/zeitwerk-2.3.1/lib/zeitwerk/kernel.rb:27:in `require'
  /var/www/study-meter/shared/bundle/ruby/2.6.0/gems/zeitwerk-2.3.1/lib/zeitwerk/loader.rb:381:in `const_get'
  /var/www/study-meter/shared/bundle/ruby/2.6.0/gems/zeitwerk-2.3.1/lib/zeitwerk/loader.rb:381:in `block (2 levels) in eager_load'
  /var/www/study-meter/shared/bundle/ruby/2.6.0/gems/zeitwerk-2.3.1/lib/zeitwerk/loader.rb:731:in `block in ls'
  /var/www/study-meter/shared/bundle/ruby/2.6.0/gems/zeitwerk-2.3.1/lib/zeitwerk/loader.rb:723:in `foreach'
  /var/www/study-meter/shared/bundle/ruby/2.6.0/gems/zeitwerk-2.3.1/lib/zeitwerk/loader.rb:723:in `ls'
  /var/www/study-meter/shared/bundle/ruby/2.6.0/gems/zeitwerk-2.3.1/lib/zeitwerk/loader.rb:376:in `block in eager_load'
  /var/www/study-meter/shared/bundle/ruby/2.6.0/gems/zeitwerk-2.3.1/lib/zeitwerk/loader.rb:368:in `synchronize'
  /var/www/study-meter/shared/bundle/ruby/2.6.0/gems/zeitwerk-2.3.1/lib/zeitwerk/loader.rb:368:in `eager_load'
  /var/www/study-meter/shared/bundle/ruby/2.6.0/gems/zeitwerk-2.3.1/lib/zeitwerk/loader.rb:483:in `each'
  /var/www/study-meter/shared/bundle/ruby/2.6.0/gems/zeitwerk-2.3.1/lib/zeitwerk/loader.rb:483:in `eager_load_all'
  /var/www/study-meter/shared/bundle/ruby/2.6.0/gems/railties-6.0.3.2/lib/rails/application/finisher.rb:122:in `block in <module:Finisher>'
  /var/www/study-meter/shared/bundle/ruby/2.6.0/gems/railties-6.0.3.2/lib/rails/initializable.rb:32:in `instance_exec'
  /var/www/study-meter/shared/bundle/ruby/2.6.0/gems/railties-6.0.3.2/lib/rails/initializable.rb:32:in `run'
  /var/www/study-meter/shared/bundle/ruby/2.6.0/gems/railties-6.0.3.2/lib/rails/initializable.rb:61:in `block in run_initializers'
  /home/ec2-user/.rbenv/versions/2.6.4/lib/ruby/2.6.0/tsort.rb:228:in `block in tsort_each'
  /home/ec2-user/.rbenv/versions/2.6.4/lib/ruby/2.6.0/tsort.rb:350:in `block (2 levels) in each_strongly_connected_component'
  /home/ec2-user/.rbenv/versions/2.6.4/lib/ruby/2.6.0/tsort.rb:431:in `each_strongly_connected_component_from'
  /home/ec2-user/.rbenv/versions/2.6.4/lib/ruby/2.6.0/tsort.rb:349:in `block in each_strongly_connected_component'
  /home/ec2-user/.rbenv/versions/2.6.4/lib/ruby/2.6.0/tsort.rb:347:in `each'
  /home/ec2-user/.rbenv/versions/2.6.4/lib/ruby/2.6.0/tsort.rb:347:in `call'
  /home/ec2-user/.rbenv/versions/2.6.4/lib/ruby/2.6.0/tsort.rb:347:in `each_strongly_connected_component'
  /home/ec2-user/.rbenv/versions/2.6.4/lib/ruby/2.6.0/tsort.rb:226:in `tsort_each'
  /home/ec2-user/.rbenv/versions/2.6.4/lib/ruby/2.6.0/tsort.rb:205:in `tsort_each'
  /var/www/study-meter/shared/bundle/ruby/2.6.0/gems/railties-6.0.3.2/lib/rails/initializable.rb:60:in `run_initializers'
  /var/www/study-meter/shared/bundle/ruby/2.6.0/gems/railties-6.0.3.2/lib/rails/application.rb:363:in `initialize!'
  /var/www/study-meter/releases/20200719150928/config/environment.rb:5:in `<top (required)>'
  config.ru:4:in `require_relative'
  config.ru:4:in `block in <main>'
  /var/www/study-meter/shared/bundle/ruby/2.6.0/gems/rack-2.2.3/lib/rack/builder.rb:125:in `instance_eval'
  /var/www/study-meter/shared/bundle/ruby/2.6.0/gems/rack-2.2.3/lib/rack/builder.rb:125:in `initialize'
  config.ru:1:in `new'
  config.ru:1:in `<main>'
  /var/www/study-meter/shared/bundle/ruby/2.6.0/gems/unicorn-5.4.1/lib/unicorn.rb:56:in `eval'
  /var/www/study-meter/shared/bundle/ruby/2.6.0/gems/unicorn-5.4.1/lib/unicorn.rb:56:in `block in builder'
  /var/www/study-meter/shared/bundle/ruby/2.6.0/gems/unicorn-5.4.1/lib/unicorn/http_server.rb:795:in `build_app!'
  /var/www/study-meter/shared/bundle/ruby/2.6.0/gems/unicorn-5.4.1/lib/unicorn/http_server.rb:139:in `start'
  /var/www/study-meter/shared/bundle/ruby/2.6.0/gems/unicorn-5.4.1/bin/unicorn:126:in `<top (required)>'
  /var/www/study-meter/shared/bundle/ruby/2.6.0/bin/unicorn:23:in `load'
  /var/www/study-meter/shared/bundle/ruby/2.6.0/bin/unicorn:23:in `<top (required)>'
I, [2020-07-19T15:23:24.160130 #19481]  INFO -- : Refreshing Gem list
Zeitwerk::NameError: expected file /var/www/study-meter/releases/20200719152151/app/forms/admin/app_user_form.rb to define constant Admin::AppUserForm, but didn't
  /var/www/study-meter/shared/bundle/ruby/2.6.0/gems/zeitwerk-2.3.1/lib/zeitwerk/loader/callbacks.rb:17:in `on_file_autoloaded'
  /var/www/study-meter/shared/bundle/ruby/2.6.0/gems/zeitwerk-2.3.1/lib/zeitwerk/kernel.rb:28:in `block in require'
  /var/www/study-meter/shared/bundle/ruby/2.6.0/gems/zeitwerk-2.3.1/lib/zeitwerk/kernel.rb:27:in `tap'
  /var/www/study-meter/shared/bundle/ruby/2.6.0/gems/zeitwerk-2.3.1/lib/zeitwerk/kernel.rb:27:in `require'
  /var/www/study-meter/shared/bundle/ruby/2.6.0/gems/zeitwerk-2.3.1/lib/zeitwerk/loader.rb:381:in `const_get'
  /var/www/study-meter/shared/bundle/ruby/2.6.0/gems/zeitwerk-2.3.1/lib/zeitwerk/loader.rb:381:in `block (2 levels) in eager_load'
  /var/www/study-meter/shared/bundle/ruby/2.6.0/gems/zeitwerk-2.3.1/lib/zeitwerk/loader.rb:731:in `block in ls'
  /var/www/study-meter/shared/bundle/ruby/2.6.0/gems/zeitwerk-2.3.1/lib/zeitwerk/loader.rb:723:in `foreach'
  /var/www/study-meter/shared/bundle/ruby/2.6.0/gems/zeitwerk-2.3.1/lib/zeitwerk/loader.rb:723:in `ls'
  /var/www/study-meter/shared/bundle/ruby/2.6.0/gems/zeitwerk-2.3.1/lib/zeitwerk/loader.rb:376:in `block in eager_load'
  /var/www/study-meter/shared/bundle/ruby/2.6.0/gems/zeitwerk-2.3.1/lib/zeitwerk/loader.rb:368:in `synchronize'
  /var/www/study-meter/shared/bundle/ruby/2.6.0/gems/zeitwerk-2.3.1/lib/zeitwerk/loader.rb:368:in `eager_load'
  /var/www/study-meter/shared/bundle/ruby/2.6.0/gems/zeitwerk-2.3.1/lib/zeitwerk/loader.rb:483:in `each'
  /var/www/study-meter/shared/bundle/ruby/2.6.0/gems/zeitwerk-2.3.1/lib/zeitwerk/loader.rb:483:in `eager_load_all'
  /var/www/study-meter/shared/bundle/ruby/2.6.0/gems/railties-6.0.3.2/lib/rails/application/finisher.rb:122:in `block in <module:Finisher>'
  /var/www/study-meter/shared/bundle/ruby/2.6.0/gems/railties-6.0.3.2/lib/rails/initializable.rb:32:in `instance_exec'
  /var/www/study-meter/shared/bundle/ruby/2.6.0/gems/railties-6.0.3.2/lib/rails/initializable.rb:32:in `run'
  /var/www/study-meter/shared/bundle/ruby/2.6.0/gems/railties-6.0.3.2/lib/rails/initializable.rb:61:in `block in run_initializers'
  /home/ec2-user/.rbenv/versions/2.6.4/lib/ruby/2.6.0/tsort.rb:228:in `block in tsort_each'
  /home/ec2-user/.rbenv/versions/2.6.4/lib/ruby/2.6.0/tsort.rb:350:in `block (2 levels) in each_strongly_connected_component'
  /home/ec2-user/.rbenv/versions/2.6.4/lib/ruby/2.6.0/tsort.rb:431:in `each_strongly_connected_component_from'
  /home/ec2-user/.rbenv/versions/2.6.4/lib/ruby/2.6.0/tsort.rb:349:in `block in each_strongly_connected_component'
  /home/ec2-user/.rbenv/versions/2.6.4/lib/ruby/2.6.0/tsort.rb:347:in `each'
  /home/ec2-user/.rbenv/versions/2.6.4/lib/ruby/2.6.0/tsort.rb:347:in `call'
  /home/ec2-user/.rbenv/versions/2.6.4/lib/ruby/2.6.0/tsort.rb:347:in `each_strongly_connected_component'
  /home/ec2-user/.rbenv/versions/2.6.4/lib/ruby/2.6.0/tsort.rb:226:in `tsort_each'
  /home/ec2-user/.rbenv/versions/2.6.4/lib/ruby/2.6.0/tsort.rb:205:in `tsort_each'
  /var/www/study-meter/shared/bundle/ruby/2.6.0/gems/railties-6.0.3.2/lib/rails/initializable.rb:60:in `run_initializers'
  /var/www/study-meter/shared/bundle/ruby/2.6.0/gems/railties-6.0.3.2/lib/rails/application.rb:363:in `initialize!'
  /var/www/study-meter/releases/20200719152151/config/environment.rb:5:in `<top (required)>'
  config.ru:4:in `require_relative'
  config.ru:4:in `block in <main>'
  /var/www/study-meter/shared/bundle/ruby/2.6.0/gems/rack-2.2.3/lib/rack/builder.rb:125:in `instance_eval'
  /var/www/study-meter/shared/bundle/ruby/2.6.0/gems/rack-2.2.3/lib/rack/builder.rb:125:in `initialize'
  config.ru:1:in `new'
  config.ru:1:in `<main>'
  /var/www/study-meter/shared/bundle/ruby/2.6.0/gems/unicorn-5.4.1/lib/unicorn.rb:56:in `eval'
  /var/www/study-meter/shared/bundle/ruby/2.6.0/gems/unicorn-5.4.1/lib/unicorn.rb:56:in `block in builder'
  /var/www/study-meter/shared/bundle/ruby/2.6.0/gems/unicorn-5.4.1/lib/unicorn/http_server.rb:795:in `build_app!'
  /var/www/study-meter/shared/bundle/ruby/2.6.0/gems/unicorn-5.4.1/lib/unicorn/http_server.rb:139:in `start'
  /var/www/study-meter/shared/bundle/ruby/2.6.0/gems/unicorn-5.4.1/bin/unicorn:126:in `<top (required)>'
  /var/www/study-meter/shared/bundle/ruby/2.6.0/bin/unicorn:23:in `load'
  /var/www/study-meter/shared/bundle/ruby/2.6.0/bin/unicorn:23:in `<top (required)>'
I, [2020-07-19T15:44:17.336370 #20750]  INFO -- : Refreshing Gem list
Zeitwerk::NameError: expected file /var/www/study-meter/releases/20200719154247/app/forms/admin/app_user_form.rb to define constant Admin::AppUserForm, but didn't
  /var/www/study-meter/shared/bundle/ruby/2.6.0/gems/zeitwerk-2.3.1/lib/zeitwerk/loader/callbacks.rb:17:in `on_file_autoloaded'
  /var/www/study-meter/shared/bundle/ruby/2.6.0/gems/zeitwerk-2.3.1/lib/zeitwerk/kernel.rb:28:in `block in require'
  /var/www/study-meter/shared/bundle/ruby/2.6.0/gems/zeitwerk-2.3.1/lib/zeitwerk/kernel.rb:27:in `tap'
  /var/www/study-meter/shared/bundle/ruby/2.6.0/gems/zeitwerk-2.3.1/lib/zeitwerk/kernel.rb:27:in `require'
  /var/www/study-meter/shared/bundle/ruby/2.6.0/gems/zeitwerk-2.3.1/lib/zeitwerk/loader.rb:381:in `const_get'
  /var/www/study-meter/shared/bundle/ruby/2.6.0/gems/zeitwerk-2.3.1/lib/zeitwerk/loader.rb:381:in `block (2 levels) in eager_load'
  /var/www/study-meter/shared/bundle/ruby/2.6.0/gems/zeitwerk-2.3.1/lib/zeitwerk/loader.rb:731:in `block in ls'
  /var/www/study-meter/shared/bundle/ruby/2.6.0/gems/zeitwerk-2.3.1/lib/zeitwerk/loader.rb:723:in `foreach'
  /var/www/study-meter/shared/bundle/ruby/2.6.0/gems/zeitwerk-2.3.1/lib/zeitwerk/loader.rb:723:in `ls'
  /var/www/study-meter/shared/bundle/ruby/2.6.0/gems/zeitwerk-2.3.1/lib/zeitwerk/loader.rb:376:in `block in eager_load'
  /var/www/study-meter/shared/bundle/ruby/2.6.0/gems/zeitwerk-2.3.1/lib/zeitwerk/loader.rb:368:in `synchronize'
  /var/www/study-meter/shared/bundle/ruby/2.6.0/gems/zeitwerk-2.3.1/lib/zeitwerk/loader.rb:368:in `eager_load'
  /var/www/study-meter/shared/bundle/ruby/2.6.0/gems/zeitwerk-2.3.1/lib/zeitwerk/loader.rb:483:in `each'
  /var/www/study-meter/shared/bundle/ruby/2.6.0/gems/zeitwerk-2.3.1/lib/zeitwerk/loader.rb:483:in `eager_load_all'
  /var/www/study-meter/shared/bundle/ruby/2.6.0/gems/railties-6.0.3.2/lib/rails/application/finisher.rb:122:in `block in <module:Finisher>'
  /var/www/study-meter/shared/bundle/ruby/2.6.0/gems/railties-6.0.3.2/lib/rails/initializable.rb:32:in `instance_exec'
  /var/www/study-meter/shared/bundle/ruby/2.6.0/gems/railties-6.0.3.2/lib/rails/initializable.rb:32:in `run'
  /var/www/study-meter/shared/bundle/ruby/2.6.0/gems/railties-6.0.3.2/lib/rails/initializable.rb:61:in `block in run_initializers'
  /home/ec2-user/.rbenv/versions/2.6.4/lib/ruby/2.6.0/tsort.rb:228:in `block in tsort_each'
  /home/ec2-user/.rbenv/versions/2.6.4/lib/ruby/2.6.0/tsort.rb:350:in `block (2 levels) in each_strongly_connected_component'
  /home/ec2-user/.rbenv/versions/2.6.4/lib/ruby/2.6.0/tsort.rb:431:in `each_strongly_connected_component_from'
  /home/ec2-user/.rbenv/versions/2.6.4/lib/ruby/2.6.0/tsort.rb:349:in `block in each_strongly_connected_component'
  /home/ec2-user/.rbenv/versions/2.6.4/lib/ruby/2.6.0/tsort.rb:347:in `each'
  /home/ec2-user/.rbenv/versions/2.6.4/lib/ruby/2.6.0/tsort.rb:347:in `call'
  /home/ec2-user/.rbenv/versions/2.6.4/lib/ruby/2.6.0/tsort.rb:347:in `each_strongly_connected_component'
  /home/ec2-user/.rbenv/versions/2.6.4/lib/ruby/2.6.0/tsort.rb:226:in `tsort_each'
  /home/ec2-user/.rbenv/versions/2.6.4/lib/ruby/2.6.0/tsort.rb:205:in `tsort_each'
  /var/www/study-meter/shared/bundle/ruby/2.6.0/gems/railties-6.0.3.2/lib/rails/initializable.rb:60:in `run_initializers'
  /var/www/study-meter/shared/bundle/ruby/2.6.0/gems/railties-6.0.3.2/lib/rails/application.rb:363:in `initialize!'
  /var/www/study-meter/releases/20200719154247/config/environment.rb:5:in `<top (required)>'
  config.ru:4:in `require_relative'
  config.ru:4:in `block in <main>'
  /var/www/study-meter/shared/bundle/ruby/2.6.0/gems/rack-2.2.3/lib/rack/builder.rb:125:in `instance_eval'
  /var/www/study-meter/shared/bundle/ruby/2.6.0/gems/rack-2.2.3/lib/rack/builder.rb:125:in `initialize'
  config.ru:1:in `new'
  config.ru:1:in `<main>'
  /var/www/study-meter/shared/bundle/ruby/2.6.0/gems/unicorn-5.4.1/lib/unicorn.rb:56:in `eval'
  /var/www/study-meter/shared/bundle/ruby/2.6.0/gems/unicorn-5.4.1/lib/unicorn.rb:56:in `block in builder'
  /var/www/study-meter/shared/bundle/ruby/2.6.0/gems/unicorn-5.4.1/lib/unicorn/http_server.rb:795:in `build_app!'
  /var/www/study-meter/shared/bundle/ruby/2.6.0/gems/unicorn-5.4.1/lib/unicorn/http_server.rb:139:in `start'
  /var/www/study-meter/shared/bundle/ruby/2.6.0/gems/unicorn-5.4.1/bin/unicorn:126:in `<top (required)>'
  /var/www/study-meter/shared/bundle/ruby/2.6.0/bin/unicorn:23:in `load'
  /var/www/study-meter/shared/bundle/ruby/2.6.0/bin/unicorn:23:in `<top (required)>'
I, [2020-07-19T16:07:56.832913 #23229]  INFO -- : Refreshing Gem list
Zeitwerk::NameError: expected file /var/www/study-meter/releases/20200719160630/app/forms/admin/app_user_form.rb to define constant Admin::AppUserForm, but didn't
  /var/www/study-meter/shared/bundle/ruby/2.6.0/gems/zeitwerk-2.3.1/lib/zeitwerk/loader/callbacks.rb:17:in `on_file_autoloaded'
  /var/www/study-meter/shared/bundle/ruby/2.6.0/gems/zeitwerk-2.3.1/lib/zeitwerk/kernel.rb:28:in `block in require'
  /var/www/study-meter/shared/bundle/ruby/2.6.0/gems/zeitwerk-2.3.1/lib/zeitwerk/kernel.rb:27:in `tap'
  /var/www/study-meter/shared/bundle/ruby/2.6.0/gems/zeitwerk-2.3.1/lib/zeitwerk/kernel.rb:27:in `require'
  /var/www/study-meter/shared/bundle/ruby/2.6.0/gems/zeitwerk-2.3.1/lib/zeitwerk/loader.rb:381:in `const_get'
  /var/www/study-meter/shared/bundle/ruby/2.6.0/gems/zeitwerk-2.3.1/lib/zeitwerk/loader.rb:381:in `block (2 levels) in eager_load'
  /var/www/study-meter/shared/bundle/ruby/2.6.0/gems/zeitwerk-2.3.1/lib/zeitwerk/loader.rb:731:in `block in ls'
  /var/www/study-meter/shared/bundle/ruby/2.6.0/gems/zeitwerk-2.3.1/lib/zeitwerk/loader.rb:723:in `foreach'
  /var/www/study-meter/shared/bundle/ruby/2.6.0/gems/zeitwerk-2.3.1/lib/zeitwerk/loader.rb:723:in `ls'
  /var/www/study-meter/shared/bundle/ruby/2.6.0/gems/zeitwerk-2.3.1/lib/zeitwerk/loader.rb:376:in `block in eager_load'
  /var/www/study-meter/shared/bundle/ruby/2.6.0/gems/zeitwerk-2.3.1/lib/zeitwerk/loader.rb:368:in `synchronize'
  /var/www/study-meter/shared/bundle/ruby/2.6.0/gems/zeitwerk-2.3.1/lib/zeitwerk/loader.rb:368:in `eager_load'
  /var/www/study-meter/shared/bundle/ruby/2.6.0/gems/zeitwerk-2.3.1/lib/zeitwerk/loader.rb:483:in `each'
  /var/www/study-meter/shared/bundle/ruby/2.6.0/gems/zeitwerk-2.3.1/lib/zeitwerk/loader.rb:483:in `eager_load_all'
  /var/www/study-meter/shared/bundle/ruby/2.6.0/gems/railties-6.0.3.2/lib/rails/application/finisher.rb:122:in `block in <module:Finisher>'
  /var/www/study-meter/shared/bundle/ruby/2.6.0/gems/railties-6.0.3.2/lib/rails/initializable.rb:32:in `instance_exec'
  /var/www/study-meter/shared/bundle/ruby/2.6.0/gems/railties-6.0.3.2/lib/rails/initializable.rb:32:in `run'
  /var/www/study-meter/shared/bundle/ruby/2.6.0/gems/railties-6.0.3.2/lib/rails/initializable.rb:61:in `block in run_initializers'
  /home/ec2-user/.rbenv/versions/2.6.4/lib/ruby/2.6.0/tsort.rb:228:in `block in tsort_each'
  /home/ec2-user/.rbenv/versions/2.6.4/lib/ruby/2.6.0/tsort.rb:350:in `block (2 levels) in each_strongly_connected_component'
  /home/ec2-user/.rbenv/versions/2.6.4/lib/ruby/2.6.0/tsort.rb:431:in `each_strongly_connected_component_from'
  /home/ec2-user/.rbenv/versions/2.6.4/lib/ruby/2.6.0/tsort.rb:349:in `block in each_strongly_connected_component'
  /home/ec2-user/.rbenv/versions/2.6.4/lib/ruby/2.6.0/tsort.rb:347:in `each'
  /home/ec2-user/.rbenv/versions/2.6.4/lib/ruby/2.6.0/tsort.rb:347:in `call'
  /home/ec2-user/.rbenv/versions/2.6.4/lib/ruby/2.6.0/tsort.rb:347:in `each_strongly_connected_component'
  /home/ec2-user/.rbenv/versions/2.6.4/lib/ruby/2.6.0/tsort.rb:226:in `tsort_each'
  /home/ec2-user/.rbenv/versions/2.6.4/lib/ruby/2.6.0/tsort.rb:205:in `tsort_each'
  /var/www/study-meter/shared/bundle/ruby/2.6.0/gems/railties-6.0.3.2/lib/rails/initializable.rb:60:in `run_initializers'
  /var/www/study-meter/shared/bundle/ruby/2.6.0/gems/railties-6.0.3.2/lib/rails/application.rb:363:in `initialize!'
  /var/www/study-meter/releases/20200719160630/config/environment.rb:5:in `<top (required)>'
  config.ru:4:in `require_relative'
  config.ru:4:in `block in <main>'
  /var/www/study-meter/shared/bundle/ruby/2.6.0/gems/rack-2.2.3/lib/rack/builder.rb:125:in `instance_eval'
  /var/www/study-meter/shared/bundle/ruby/2.6.0/gems/rack-2.2.3/lib/rack/builder.rb:125:in `initialize'
  config.ru:1:in `new'
  config.ru:1:in `<main>'
  /var/www/study-meter/shared/bundle/ruby/2.6.0/gems/unicorn-5.4.1/lib/unicorn.rb:56:in `eval'
  /var/www/study-meter/shared/bundle/ruby/2.6.0/gems/unicorn-5.4.1/lib/unicorn.rb:56:in `block in builder'
  /var/www/study-meter/shared/bundle/ruby/2.6.0/gems/unicorn-5.4.1/lib/unicorn/http_server.rb:795:in `build_app!'
  /var/www/study-meter/shared/bundle/ruby/2.6.0/gems/unicorn-5.4.1/lib/unicorn/http_server.rb:139:in `start'
  /var/www/study-meter/shared/bundle/ruby/2.6.0/gems/unicorn-5.4.1/bin/unicorn:126:in `<top (required)>'
  /var/www/study-meter/shared/bundle/ruby/2.6.0/bin/unicorn:23:in `load'
  /var/www/study-meter/shared/bundle/ruby/2.6.0/bin/unicorn:23:in `<top (required)>'
I, [2020-07-19T16:28:38.484957 #24487]  INFO -- : Refreshing Gem list
Zeitwerk::NameError: expected file /var/www/study-meter/releases/20200719162710/app/forms/admin/app_user_form.rb to define constant Admin::AppUserForm, but didn't
  /var/www/study-meter/shared/bundle/ruby/2.6.0/gems/zeitwerk-2.3.1/lib/zeitwerk/loader/callbacks.rb:17:in `on_file_autoloaded'
  /var/www/study-meter/shared/bundle/ruby/2.6.0/gems/zeitwerk-2.3.1/lib/zeitwerk/kernel.rb:28:in `block in require'
  /var/www/study-meter/shared/bundle/ruby/2.6.0/gems/zeitwerk-2.3.1/lib/zeitwerk/kernel.rb:27:in `tap'
  /var/www/study-meter/shared/bundle/ruby/2.6.0/gems/zeitwerk-2.3.1/lib/zeitwerk/kernel.rb:27:in `require'
  /var/www/study-meter/shared/bundle/ruby/2.6.0/gems/zeitwerk-2.3.1/lib/zeitwerk/loader.rb:381:in `const_get'
  /var/www/study-meter/shared/bundle/ruby/2.6.0/gems/zeitwerk-2.3.1/lib/zeitwerk/loader.rb:381:in `block (2 levels) in eager_load'
  /var/www/study-meter/shared/bundle/ruby/2.6.0/gems/zeitwerk-2.3.1/lib/zeitwerk/loader.rb:731:in `block in ls'
  /var/www/study-meter/shared/bundle/ruby/2.6.0/gems/zeitwerk-2.3.1/lib/zeitwerk/loader.rb:723:in `foreach'
  /var/www/study-meter/shared/bundle/ruby/2.6.0/gems/zeitwerk-2.3.1/lib/zeitwerk/loader.rb:723:in `ls'
  /var/www/study-meter/shared/bundle/ruby/2.6.0/gems/zeitwerk-2.3.1/lib/zeitwerk/loader.rb:376:in `block in eager_load'
  /var/www/study-meter/shared/bundle/ruby/2.6.0/gems/zeitwerk-2.3.1/lib/zeitwerk/loader.rb:368:in `synchronize'
  /var/www/study-meter/shared/bundle/ruby/2.6.0/gems/zeitwerk-2.3.1/lib/zeitwerk/loader.rb:368:in `eager_load'
  /var/www/study-meter/shared/bundle/ruby/2.6.0/gems/zeitwerk-2.3.1/lib/zeitwerk/loader.rb:483:in `each'
  /var/www/study-meter/shared/bundle/ruby/2.6.0/gems/zeitwerk-2.3.1/lib/zeitwerk/loader.rb:483:in `eager_load_all'
  /var/www/study-meter/shared/bundle/ruby/2.6.0/gems/railties-6.0.3.2/lib/rails/application/finisher.rb:122:in `block in <module:Finisher>'
  /var/www/study-meter/shared/bundle/ruby/2.6.0/gems/railties-6.0.3.2/lib/rails/initializable.rb:32:in `instance_exec'
  /var/www/study-meter/shared/bundle/ruby/2.6.0/gems/railties-6.0.3.2/lib/rails/initializable.rb:32:in `run'
  /var/www/study-meter/shared/bundle/ruby/2.6.0/gems/railties-6.0.3.2/lib/rails/initializable.rb:61:in `block in run_initializers'
  /home/ec2-user/.rbenv/versions/2.6.4/lib/ruby/2.6.0/tsort.rb:228:in `block in tsort_each'
  /home/ec2-user/.rbenv/versions/2.6.4/lib/ruby/2.6.0/tsort.rb:350:in `block (2 levels) in each_strongly_connected_component'
  /home/ec2-user/.rbenv/versions/2.6.4/lib/ruby/2.6.0/tsort.rb:431:in `each_strongly_connected_component_from'
  /home/ec2-user/.rbenv/versions/2.6.4/lib/ruby/2.6.0/tsort.rb:349:in `block in each_strongly_connected_component'
  /home/ec2-user/.rbenv/versions/2.6.4/lib/ruby/2.6.0/tsort.rb:347:in `each'
  /home/ec2-user/.rbenv/versions/2.6.4/lib/ruby/2.6.0/tsort.rb:347:in `call'
  /home/ec2-user/.rbenv/versions/2.6.4/lib/ruby/2.6.0/tsort.rb:347:in `each_strongly_connected_component'
  /home/ec2-user/.rbenv/versions/2.6.4/lib/ruby/2.6.0/tsort.rb:226:in `tsort_each'
  /home/ec2-user/.rbenv/versions/2.6.4/lib/ruby/2.6.0/tsort.rb:205:in `tsort_each'
  /var/www/study-meter/shared/bundle/ruby/2.6.0/gems/railties-6.0.3.2/lib/rails/initializable.rb:60:in `run_initializers'
  /var/www/study-meter/shared/bundle/ruby/2.6.0/gems/railties-6.0.3.2/lib/rails/application.rb:363:in `initialize!'
  /var/www/study-meter/releases/20200719162710/config/environment.rb:5:in `<top (required)>'
  config.ru:4:in `require_relative'
  config.ru:4:in `block in <main>'
  /var/www/study-meter/shared/bundle/ruby/2.6.0/gems/rack-2.2.3/lib/rack/builder.rb:125:in `instance_eval'
  /var/www/study-meter/shared/bundle/ruby/2.6.0/gems/rack-2.2.3/lib/rack/builder.rb:125:in `initialize'
  config.ru:1:in `new'
  config.ru:1:in `<main>'
  /var/www/study-meter/shared/bundle/ruby/2.6.0/gems/unicorn-5.4.1/lib/unicorn.rb:56:in `eval'
  /var/www/study-meter/shared/bundle/ruby/2.6.0/gems/unicorn-5.4.1/lib/unicorn.rb:56:in `block in builder'
  /var/www/study-meter/shared/bundle/ruby/2.6.0/gems/unicorn-5.4.1/lib/unicorn/http_server.rb:795:in `build_app!'
  /var/www/study-meter/shared/bundle/ruby/2.6.0/gems/unicorn-5.4.1/lib/unicorn/http_server.rb:139:in `start'
  /var/www/study-meter/shared/bundle/ruby/2.6.0/gems/unicorn-5.4.1/bin/unicorn:126:in `<top (required)>'
  /var/www/study-meter/shared/bundle/ruby/2.6.0/bin/unicorn:23:in `load'
  /var/www/study-meter/shared/bundle/ruby/2.6.0/bin/unicorn:23:in `<top (required)>'
I, [2020-07-19T16:31:20.306352 #25696]  INFO -- : Refreshing Gem list
Zeitwerk::NameError: expected file /var/www/study-meter/releases/20200719162952/app/forms/admin/app_user_form.rb to define constant Admin::AppUserForm, but didn't
  /var/www/study-meter/shared/bundle/ruby/2.6.0/gems/zeitwerk-2.3.1/lib/zeitwerk/loader/callbacks.rb:17:in `on_file_autoloaded'
  /var/www/study-meter/shared/bundle/ruby/2.6.0/gems/zeitwerk-2.3.1/lib/zeitwerk/kernel.rb:28:in `block in require'
  /var/www/study-meter/shared/bundle/ruby/2.6.0/gems/zeitwerk-2.3.1/lib/zeitwerk/kernel.rb:27:in `tap'
  /var/www/study-meter/shared/bundle/ruby/2.6.0/gems/zeitwerk-2.3.1/lib/zeitwerk/kernel.rb:27:in `require'
  /var/www/study-meter/shared/bundle/ruby/2.6.0/gems/zeitwerk-2.3.1/lib/zeitwerk/loader.rb:381:in `const_get'
  /var/www/study-meter/shared/bundle/ruby/2.6.0/gems/zeitwerk-2.3.1/lib/zeitwerk/loader.rb:381:in `block (2 levels) in eager_load'
  /var/www/study-meter/shared/bundle/ruby/2.6.0/gems/zeitwerk-2.3.1/lib/zeitwerk/loader.rb:731:in `block in ls'
  /var/www/study-meter/shared/bundle/ruby/2.6.0/gems/zeitwerk-2.3.1/lib/zeitwerk/loader.rb:723:in `foreach'
  /var/www/study-meter/shared/bundle/ruby/2.6.0/gems/zeitwerk-2.3.1/lib/zeitwerk/loader.rb:723:in `ls'
  /var/www/study-meter/shared/bundle/ruby/2.6.0/gems/zeitwerk-2.3.1/lib/zeitwerk/loader.rb:376:in `block in eager_load'
  /var/www/study-meter/shared/bundle/ruby/2.6.0/gems/zeitwerk-2.3.1/lib/zeitwerk/loader.rb:368:in `synchronize'
  /var/www/study-meter/shared/bundle/ruby/2.6.0/gems/zeitwerk-2.3.1/lib/zeitwerk/loader.rb:368:in `eager_load'
  /var/www/study-meter/shared/bundle/ruby/2.6.0/gems/zeitwerk-2.3.1/lib/zeitwerk/loader.rb:483:in `each'
  /var/www/study-meter/shared/bundle/ruby/2.6.0/gems/zeitwerk-2.3.1/lib/zeitwerk/loader.rb:483:in `eager_load_all'
  /var/www/study-meter/shared/bundle/ruby/2.6.0/gems/railties-6.0.3.2/lib/rails/application/finisher.rb:122:in `block in <module:Finisher>'
  /var/www/study-meter/shared/bundle/ruby/2.6.0/gems/railties-6.0.3.2/lib/rails/initializable.rb:32:in `instance_exec'
  /var/www/study-meter/shared/bundle/ruby/2.6.0/gems/railties-6.0.3.2/lib/rails/initializable.rb:32:in `run'
  /var/www/study-meter/shared/bundle/ruby/2.6.0/gems/railties-6.0.3.2/lib/rails/initializable.rb:61:in `block in run_initializers'
  /home/ec2-user/.rbenv/versions/2.6.4/lib/ruby/2.6.0/tsort.rb:228:in `block in tsort_each'
  /home/ec2-user/.rbenv/versions/2.6.4/lib/ruby/2.6.0/tsort.rb:350:in `block (2 levels) in each_strongly_connected_component'
  /home/ec2-user/.rbenv/versions/2.6.4/lib/ruby/2.6.0/tsort.rb:431:in `each_strongly_connected_component_from'
  /home/ec2-user/.rbenv/versions/2.6.4/lib/ruby/2.6.0/tsort.rb:349:in `block in each_strongly_connected_component'
  /home/ec2-user/.rbenv/versions/2.6.4/lib/ruby/2.6.0/tsort.rb:347:in `each'
  /home/ec2-user/.rbenv/versions/2.6.4/lib/ruby/2.6.0/tsort.rb:347:in `call'
  /home/ec2-user/.rbenv/versions/2.6.4/lib/ruby/2.6.0/tsort.rb:347:in `each_strongly_connected_component'
  /home/ec2-user/.rbenv/versions/2.6.4/lib/ruby/2.6.0/tsort.rb:226:in `tsort_each'
  /home/ec2-user/.rbenv/versions/2.6.4/lib/ruby/2.6.0/tsort.rb:205:in `tsort_each'
  /var/www/study-meter/shared/bundle/ruby/2.6.0/gems/railties-6.0.3.2/lib/rails/initializable.rb:60:in `run_initializers'
  /var/www/study-meter/shared/bundle/ruby/2.6.0/gems/railties-6.0.3.2/lib/rails/application.rb:363:in `initialize!'
  /var/www/study-meter/releases/20200719162952/config/environment.rb:5:in `<top (required)>'
  config.ru:4:in `require_relative'
  config.ru:4:in `block in <main>'
  /var/www/study-meter/shared/bundle/ruby/2.6.0/gems/rack-2.2.3/lib/rack/builder.rb:125:in `instance_eval'
  /var/www/study-meter/shared/bundle/ruby/2.6.0/gems/rack-2.2.3/lib/rack/builder.rb:125:in `initialize'
  config.ru:1:in `new'
  config.ru:1:in `<main>'
  /var/www/study-meter/shared/bundle/ruby/2.6.0/gems/unicorn-5.4.1/lib/unicorn.rb:56:in `eval'
  /var/www/study-meter/shared/bundle/ruby/2.6.0/gems/unicorn-5.4.1/lib/unicorn.rb:56:in `block in builder'
  /var/www/study-meter/shared/bundle/ruby/2.6.0/gems/unicorn-5.4.1/lib/unicorn/http_server.rb:795:in `build_app!'
  /var/www/study-meter/shared/bundle/ruby/2.6.0/gems/unicorn-5.4.1/lib/unicorn/http_server.rb:139:in `start'
  /var/www/study-meter/shared/bundle/ruby/2.6.0/gems/unicorn-5.4.1/bin/unicorn:126:in `<top (required)>'
  /var/www/study-meter/shared/bundle/ruby/2.6.0/bin/unicorn:23:in `load'
  /var/www/study-meter/shared/bundle/ruby/2.6.0/bin/unicorn:23:in `<top (required)>'
I, [2020-07-19T16:49:55.610502 #26965]  INFO -- : Refreshing Gem list
Zeitwerk::NameError: expected file /var/www/study-meter/releases/20200719164826/app/forms/admin/app_user_form.rb to define constant Admin::AppUserForm, but didn't
  /var/www/study-meter/shared/bundle/ruby/2.6.0/gems/zeitwerk-2.3.1/lib/zeitwerk/loader/callbacks.rb:17:in `on_file_autoloaded'
  /var/www/study-meter/shared/bundle/ruby/2.6.0/gems/zeitwerk-2.3.1/lib/zeitwerk/kernel.rb:28:in `block in require'
  /var/www/study-meter/shared/bundle/ruby/2.6.0/gems/zeitwerk-2.3.1/lib/zeitwerk/kernel.rb:27:in `tap'
  /var/www/study-meter/shared/bundle/ruby/2.6.0/gems/zeitwerk-2.3.1/lib/zeitwerk/kernel.rb:27:in `require'
  /var/www/study-meter/shared/bundle/ruby/2.6.0/gems/zeitwerk-2.3.1/lib/zeitwerk/loader.rb:381:in `const_get'
  /var/www/study-meter/shared/bundle/ruby/2.6.0/gems/zeitwerk-2.3.1/lib/zeitwerk/loader.rb:381:in `block (2 levels) in eager_load'
  /var/www/study-meter/shared/bundle/ruby/2.6.0/gems/zeitwerk-2.3.1/lib/zeitwerk/loader.rb:731:in `block in ls'
  /var/www/study-meter/shared/bundle/ruby/2.6.0/gems/zeitwerk-2.3.1/lib/zeitwerk/loader.rb:723:in `foreach'
  /var/www/study-meter/shared/bundle/ruby/2.6.0/gems/zeitwerk-2.3.1/lib/zeitwerk/loader.rb:723:in `ls'
  /var/www/study-meter/shared/bundle/ruby/2.6.0/gems/zeitwerk-2.3.1/lib/zeitwerk/loader.rb:376:in `block in eager_load'
  /var/www/study-meter/shared/bundle/ruby/2.6.0/gems/zeitwerk-2.3.1/lib/zeitwerk/loader.rb:368:in `synchronize'
  /var/www/study-meter/shared/bundle/ruby/2.6.0/gems/zeitwerk-2.3.1/lib/zeitwerk/loader.rb:368:in `eager_load'
  /var/www/study-meter/shared/bundle/ruby/2.6.0/gems/zeitwerk-2.3.1/lib/zeitwerk/loader.rb:483:in `each'
  /var/www/study-meter/shared/bundle/ruby/2.6.0/gems/zeitwerk-2.3.1/lib/zeitwerk/loader.rb:483:in `eager_load_all'
  /var/www/study-meter/shared/bundle/ruby/2.6.0/gems/railties-6.0.3.2/lib/rails/application/finisher.rb:122:in `block in <module:Finisher>'
  /var/www/study-meter/shared/bundle/ruby/2.6.0/gems/railties-6.0.3.2/lib/rails/initializable.rb:32:in `instance_exec'
  /var/www/study-meter/shared/bundle/ruby/2.6.0/gems/railties-6.0.3.2/lib/rails/initializable.rb:32:in `run'
  /var/www/study-meter/shared/bundle/ruby/2.6.0/gems/railties-6.0.3.2/lib/rails/initializable.rb:61:in `block in run_initializers'
  /home/ec2-user/.rbenv/versions/2.6.4/lib/ruby/2.6.0/tsort.rb:228:in `block in tsort_each'
  /home/ec2-user/.rbenv/versions/2.6.4/lib/ruby/2.6.0/tsort.rb:350:in `block (2 levels) in each_strongly_connected_component'
  /home/ec2-user/.rbenv/versions/2.6.4/lib/ruby/2.6.0/tsort.rb:431:in `each_strongly_connected_component_from'
  /home/ec2-user/.rbenv/versions/2.6.4/lib/ruby/2.6.0/tsort.rb:349:in `block in each_strongly_connected_component'
  /home/ec2-user/.rbenv/versions/2.6.4/lib/ruby/2.6.0/tsort.rb:347:in `each'
  /home/ec2-user/.rbenv/versions/2.6.4/lib/ruby/2.6.0/tsort.rb:347:in `call'
  /home/ec2-user/.rbenv/versions/2.6.4/lib/ruby/2.6.0/tsort.rb:347:in `each_strongly_connected_component'
  /home/ec2-user/.rbenv/versions/2.6.4/lib/ruby/2.6.0/tsort.rb:226:in `tsort_each'
  /home/ec2-user/.rbenv/versions/2.6.4/lib/ruby/2.6.0/tsort.rb:205:in `tsort_each'
  /var/www/study-meter/shared/bundle/ruby/2.6.0/gems/railties-6.0.3.2/lib/rails/initializable.rb:60:in `run_initializers'
  /var/www/study-meter/shared/bundle/ruby/2.6.0/gems/railties-6.0.3.2/lib/rails/application.rb:363:in `initialize!'
  /var/www/study-meter/releases/20200719164826/config/environment.rb:5:in `<top (required)>'
  config.ru:4:in `require_relative'
  config.ru:4:in `block in <main>'
  /var/www/study-meter/shared/bundle/ruby/2.6.0/gems/rack-2.2.3/lib/rack/builder.rb:125:in `instance_eval'
  /var/www/study-meter/shared/bundle/ruby/2.6.0/gems/rack-2.2.3/lib/rack/builder.rb:125:in `initialize'
  config.ru:1:in `new'
  config.ru:1:in `<main>'
  /var/www/study-meter/shared/bundle/ruby/2.6.0/gems/unicorn-5.4.1/lib/unicorn.rb:56:in `eval'
  /var/www/study-meter/shared/bundle/ruby/2.6.0/gems/unicorn-5.4.1/lib/unicorn.rb:56:in `block in builder'
  /var/www/study-meter/shared/bundle/ruby/2.6.0/gems/unicorn-5.4.1/lib/unicorn/http_server.rb:795:in `build_app!'
  /var/www/study-meter/shared/bundle/ruby/2.6.0/gems/unicorn-5.4.1/lib/unicorn/http_server.rb:139:in `start'
  /var/www/study-meter/shared/bundle/ruby/2.6.0/gems/unicorn-5.4.1/bin/unicorn:126:in `<top (required)>'
  /var/www/study-meter/shared/bundle/ruby/2.6.0/bin/unicorn:23:in `load'
  /var/www/study-meter/shared/bundle/ruby/2.6.0/bin/unicorn:23:in `<top (required)>'
I, [2020-07-19T16:54:09.533675 #28177]  INFO -- : Refreshing Gem list
Zeitwerk::NameError: expected file /var/www/study-meter/releases/20200719165240/app/forms/admin/app_user_form.rb to define constant Admin::AppUserForm, but didn't
  /var/www/study-meter/shared/bundle/ruby/2.6.0/gems/zeitwerk-2.3.1/lib/zeitwerk/loader/callbacks.rb:17:in `on_file_autoloaded'
  /var/www/study-meter/shared/bundle/ruby/2.6.0/gems/zeitwerk-2.3.1/lib/zeitwerk/kernel.rb:28:in `block in require'
  /var/www/study-meter/shared/bundle/ruby/2.6.0/gems/zeitwerk-2.3.1/lib/zeitwerk/kernel.rb:27:in `tap'
  /var/www/study-meter/shared/bundle/ruby/2.6.0/gems/zeitwerk-2.3.1/lib/zeitwerk/kernel.rb:27:in `require'
  /var/www/study-meter/shared/bundle/ruby/2.6.0/gems/zeitwerk-2.3.1/lib/zeitwerk/loader.rb:381:in `const_get'
  /var/www/study-meter/shared/bundle/ruby/2.6.0/gems/zeitwerk-2.3.1/lib/zeitwerk/loader.rb:381:in `block (2 levels) in eager_load'
  /var/www/study-meter/shared/bundle/ruby/2.6.0/gems/zeitwerk-2.3.1/lib/zeitwerk/loader.rb:731:in `block in ls'
  /var/www/study-meter/shared/bundle/ruby/2.6.0/gems/zeitwerk-2.3.1/lib/zeitwerk/loader.rb:723:in `foreach'
  /var/www/study-meter/shared/bundle/ruby/2.6.0/gems/zeitwerk-2.3.1/lib/zeitwerk/loader.rb:723:in `ls'
  /var/www/study-meter/shared/bundle/ruby/2.6.0/gems/zeitwerk-2.3.1/lib/zeitwerk/loader.rb:376:in `block in eager_load'
  /var/www/study-meter/shared/bundle/ruby/2.6.0/gems/zeitwerk-2.3.1/lib/zeitwerk/loader.rb:368:in `synchronize'
  /var/www/study-meter/shared/bundle/ruby/2.6.0/gems/zeitwerk-2.3.1/lib/zeitwerk/loader.rb:368:in `eager_load'
  /var/www/study-meter/shared/bundle/ruby/2.6.0/gems/zeitwerk-2.3.1/lib/zeitwerk/loader.rb:483:in `each'
  /var/www/study-meter/shared/bundle/ruby/2.6.0/gems/zeitwerk-2.3.1/lib/zeitwerk/loader.rb:483:in `eager_load_all'
  /var/www/study-meter/shared/bundle/ruby/2.6.0/gems/railties-6.0.3.2/lib/rails/application/finisher.rb:122:in `block in <module:Finisher>'
  /var/www/study-meter/shared/bundle/ruby/2.6.0/gems/railties-6.0.3.2/lib/rails/initializable.rb:32:in `instance_exec'
  /var/www/study-meter/shared/bundle/ruby/2.6.0/gems/railties-6.0.3.2/lib/rails/initializable.rb:32:in `run'
  /var/www/study-meter/shared/bundle/ruby/2.6.0/gems/railties-6.0.3.2/lib/rails/initializable.rb:61:in `block in run_initializers'
  /home/ec2-user/.rbenv/versions/2.6.4/lib/ruby/2.6.0/tsort.rb:228:in `block in tsort_each'
  /home/ec2-user/.rbenv/versions/2.6.4/lib/ruby/2.6.0/tsort.rb:350:in `block (2 levels) in each_strongly_connected_component'
  /home/ec2-user/.rbenv/versions/2.6.4/lib/ruby/2.6.0/tsort.rb:431:in `each_strongly_connected_component_from'
  /home/ec2-user/.rbenv/versions/2.6.4/lib/ruby/2.6.0/tsort.rb:349:in `block in each_strongly_connected_component'
  /home/ec2-user/.rbenv/versions/2.6.4/lib/ruby/2.6.0/tsort.rb:347:in `each'
  /home/ec2-user/.rbenv/versions/2.6.4/lib/ruby/2.6.0/tsort.rb:347:in `call'
  /home/ec2-user/.rbenv/versions/2.6.4/lib/ruby/2.6.0/tsort.rb:347:in `each_strongly_connected_component'
  /home/ec2-user/.rbenv/versions/2.6.4/lib/ruby/2.6.0/tsort.rb:226:in `tsort_each'
  /home/ec2-user/.rbenv/versions/2.6.4/lib/ruby/2.6.0/tsort.rb:205:in `tsort_each'
  /var/www/study-meter/shared/bundle/ruby/2.6.0/gems/railties-6.0.3.2/lib/rails/initializable.rb:60:in `run_initializers'
  /var/www/study-meter/shared/bundle/ruby/2.6.0/gems/railties-6.0.3.2/lib/rails/application.rb:363:in `initialize!'
  /var/www/study-meter/releases/20200719165240/config/environment.rb:5:in `<top (required)>'
  config.ru:4:in `require_relative'
  config.ru:4:in `block in <main>'
  /var/www/study-meter/shared/bundle/ruby/2.6.0/gems/rack-2.2.3/lib/rack/builder.rb:125:in `instance_eval'
  /var/www/study-meter/shared/bundle/ruby/2.6.0/gems/rack-2.2.3/lib/rack/builder.rb:125:in `initialize'
  config.ru:1:in `new'
  config.ru:1:in `<main>'
  /var/www/study-meter/shared/bundle/ruby/2.6.0/gems/unicorn-5.4.1/lib/unicorn.rb:56:in `eval'
  /var/www/study-meter/shared/bundle/ruby/2.6.0/gems/unicorn-5.4.1/lib/unicorn.rb:56:in `block in builder'
  /var/www/study-meter/shared/bundle/ruby/2.6.0/gems/unicorn-5.4.1/lib/unicorn/http_server.rb:795:in `build_app!'
  /var/www/study-meter/shared/bundle/ruby/2.6.0/gems/unicorn-5.4.1/lib/unicorn/http_server.rb:139:in `start'
  /var/www/study-meter/shared/bundle/ruby/2.6.0/gems/unicorn-5.4.1/bin/unicorn:126:in `<top (required)>'
  /var/www/study-meter/shared/bundle/ruby/2.6.0/bin/unicorn:23:in `load'
  /var/www/study-meter/shared/bundle/ruby/2.6.0/bin/unicorn:23:in `<top (required)>'
I, [2020-07-19T16:57:13.770171 #29465]  INFO -- : Refreshing Gem list
Zeitwerk::NameError: expected file /var/www/study-meter/releases/20200719165541/app/forms/admin/app_user_form.rb to define constant Admin::AppUserForm, but didn't
  /var/www/study-meter/shared/bundle/ruby/2.6.0/gems/zeitwerk-2.3.1/lib/zeitwerk/loader/callbacks.rb:17:in `on_file_autoloaded'
  /var/www/study-meter/shared/bundle/ruby/2.6.0/gems/zeitwerk-2.3.1/lib/zeitwerk/kernel.rb:28:in `block in require'
  /var/www/study-meter/shared/bundle/ruby/2.6.0/gems/zeitwerk-2.3.1/lib/zeitwerk/kernel.rb:27:in `tap'
  /var/www/study-meter/shared/bundle/ruby/2.6.0/gems/zeitwerk-2.3.1/lib/zeitwerk/kernel.rb:27:in `require'
  /var/www/study-meter/shared/bundle/ruby/2.6.0/gems/zeitwerk-2.3.1/lib/zeitwerk/loader.rb:381:in `const_get'
  /var/www/study-meter/shared/bundle/ruby/2.6.0/gems/zeitwerk-2.3.1/lib/zeitwerk/loader.rb:381:in `block (2 levels) in eager_load'
  /var/www/study-meter/shared/bundle/ruby/2.6.0/gems/zeitwerk-2.3.1/lib/zeitwerk/loader.rb:731:in `block in ls'
  /var/www/study-meter/shared/bundle/ruby/2.6.0/gems/zeitwerk-2.3.1/lib/zeitwerk/loader.rb:723:in `foreach'
  /var/www/study-meter/shared/bundle/ruby/2.6.0/gems/zeitwerk-2.3.1/lib/zeitwerk/loader.rb:723:in `ls'
  /var/www/study-meter/shared/bundle/ruby/2.6.0/gems/zeitwerk-2.3.1/lib/zeitwerk/loader.rb:376:in `block in eager_load'
  /var/www/study-meter/shared/bundle/ruby/2.6.0/gems/zeitwerk-2.3.1/lib/zeitwerk/loader.rb:368:in `synchronize'
  /var/www/study-meter/shared/bundle/ruby/2.6.0/gems/zeitwerk-2.3.1/lib/zeitwerk/loader.rb:368:in `eager_load'
  /var/www/study-meter/shared/bundle/ruby/2.6.0/gems/zeitwerk-2.3.1/lib/zeitwerk/loader.rb:483:in `each'
  /var/www/study-meter/shared/bundle/ruby/2.6.0/gems/zeitwerk-2.3.1/lib/zeitwerk/loader.rb:483:in `eager_load_all'
  /var/www/study-meter/shared/bundle/ruby/2.6.0/gems/railties-6.0.3.2/lib/rails/application/finisher.rb:122:in `block in <module:Finisher>'
  /var/www/study-meter/shared/bundle/ruby/2.6.0/gems/railties-6.0.3.2/lib/rails/initializable.rb:32:in `instance_exec'
  /var/www/study-meter/shared/bundle/ruby/2.6.0/gems/railties-6.0.3.2/lib/rails/initializable.rb:32:in `run'
  /var/www/study-meter/shared/bundle/ruby/2.6.0/gems/railties-6.0.3.2/lib/rails/initializable.rb:61:in `block in run_initializers'
  /home/ec2-user/.rbenv/versions/2.6.4/lib/ruby/2.6.0/tsort.rb:228:in `block in tsort_each'
  /home/ec2-user/.rbenv/versions/2.6.4/lib/ruby/2.6.0/tsort.rb:350:in `block (2 levels) in each_strongly_connected_component'
  /home/ec2-user/.rbenv/versions/2.6.4/lib/ruby/2.6.0/tsort.rb:431:in `each_strongly_connected_component_from'
  /home/ec2-user/.rbenv/versions/2.6.4/lib/ruby/2.6.0/tsort.rb:349:in `block in each_strongly_connected_component'
  /home/ec2-user/.rbenv/versions/2.6.4/lib/ruby/2.6.0/tsort.rb:347:in `each'
  /home/ec2-user/.rbenv/versions/2.6.4/lib/ruby/2.6.0/tsort.rb:347:in `call'
  /home/ec2-user/.rbenv/versions/2.6.4/lib/ruby/2.6.0/tsort.rb:347:in `each_strongly_connected_component'
  /home/ec2-user/.rbenv/versions/2.6.4/lib/ruby/2.6.0/tsort.rb:226:in `tsort_each'
  /home/ec2-user/.rbenv/versions/2.6.4/lib/ruby/2.6.0/tsort.rb:205:in `tsort_each'
  /var/www/study-meter/shared/bundle/ruby/2.6.0/gems/railties-6.0.3.2/lib/rails/initializable.rb:60:in `run_initializers'
  /var/www/study-meter/shared/bundle/ruby/2.6.0/gems/railties-6.0.3.2/lib/rails/application.rb:363:in `initialize!'
  /var/www/study-meter/releases/20200719165541/config/environment.rb:5:in `<top (required)>'
  config.ru:4:in `require_relative'
  config.ru:4:in `block in <main>'
  /var/www/study-meter/shared/bundle/ruby/2.6.0/gems/rack-2.2.3/lib/rack/builder.rb:125:in `instance_eval'
  /var/www/study-meter/shared/bundle/ruby/2.6.0/gems/rack-2.2.3/lib/rack/builder.rb:125:in `initialize'
  config.ru:1:in `new'
  config.ru:1:in `<main>'
  /var/www/study-meter/shared/bundle/ruby/2.6.0/gems/unicorn-5.4.1/lib/unicorn.rb:56:in `eval'
  /var/www/study-meter/shared/bundle/ruby/2.6.0/gems/unicorn-5.4.1/lib/unicorn.rb:56:in `block in builder'
  /var/www/study-meter/shared/bundle/ruby/2.6.0/gems/unicorn-5.4.1/lib/unicorn/http_server.rb:795:in `build_app!'
  /var/www/study-meter/shared/bundle/ruby/2.6.0/gems/unicorn-5.4.1/lib/unicorn/http_server.rb:139:in `start'
  /var/www/study-meter/shared/bundle/ruby/2.6.0/gems/unicorn-5.4.1/bin/unicorn:126:in `<top (required)>'
  /var/www/study-meter/shared/bundle/ruby/2.6.0/bin/unicorn:23:in `load'
  /var/www/study-meter/shared/bundle/ruby/2.6.0/bin/unicorn:23:in `<top (required)>'
I, [2020-07-19T17:50:17.304717 #30867]  INFO -- : Refreshing Gem list
Zeitwerk::NameError: expected file /var/www/study-meter/releases/20200719174851/app/forms/admin/app_user_form.rb to define constant Admin::AppUserForm, but didn't
  /var/www/study-meter/shared/bundle/ruby/2.6.0/gems/zeitwerk-2.3.1/lib/zeitwerk/loader/callbacks.rb:17:in `on_file_autoloaded'
  /var/www/study-meter/shared/bundle/ruby/2.6.0/gems/zeitwerk-2.3.1/lib/zeitwerk/kernel.rb:28:in `block in require'
  /var/www/study-meter/shared/bundle/ruby/2.6.0/gems/zeitwerk-2.3.1/lib/zeitwerk/kernel.rb:27:in `tap'
  /var/www/study-meter/shared/bundle/ruby/2.6.0/gems/zeitwerk-2.3.1/lib/zeitwerk/kernel.rb:27:in `require'
  /var/www/study-meter/shared/bundle/ruby/2.6.0/gems/zeitwerk-2.3.1/lib/zeitwerk/loader.rb:381:in `const_get'
  /var/www/study-meter/shared/bundle/ruby/2.6.0/gems/zeitwerk-2.3.1/lib/zeitwerk/loader.rb:381:in `block (2 levels) in eager_load'
  /var/www/study-meter/shared/bundle/ruby/2.6.0/gems/zeitwerk-2.3.1/lib/zeitwerk/loader.rb:731:in `block in ls'
  /var/www/study-meter/shared/bundle/ruby/2.6.0/gems/zeitwerk-2.3.1/lib/zeitwerk/loader.rb:723:in `foreach'
  /var/www/study-meter/shared/bundle/ruby/2.6.0/gems/zeitwerk-2.3.1/lib/zeitwerk/loader.rb:723:in `ls'
  /var/www/study-meter/shared/bundle/ruby/2.6.0/gems/zeitwerk-2.3.1/lib/zeitwerk/loader.rb:376:in `block in eager_load'
  /var/www/study-meter/shared/bundle/ruby/2.6.0/gems/zeitwerk-2.3.1/lib/zeitwerk/loader.rb:368:in `synchronize'
  /var/www/study-meter/shared/bundle/ruby/2.6.0/gems/zeitwerk-2.3.1/lib/zeitwerk/loader.rb:368:in `eager_load'
  /var/www/study-meter/shared/bundle/ruby/2.6.0/gems/zeitwerk-2.3.1/lib/zeitwerk/loader.rb:483:in `each'
  /var/www/study-meter/shared/bundle/ruby/2.6.0/gems/zeitwerk-2.3.1/lib/zeitwerk/loader.rb:483:in `eager_load_all'
  /var/www/study-meter/shared/bundle/ruby/2.6.0/gems/railties-6.0.3.2/lib/rails/application/finisher.rb:122:in `block in <module:Finisher>'
  /var/www/study-meter/shared/bundle/ruby/2.6.0/gems/railties-6.0.3.2/lib/rails/initializable.rb:32:in `instance_exec'
  /var/www/study-meter/shared/bundle/ruby/2.6.0/gems/railties-6.0.3.2/lib/rails/initializable.rb:32:in `run'
  /var/www/study-meter/shared/bundle/ruby/2.6.0/gems/railties-6.0.3.2/lib/rails/initializable.rb:61:in `block in run_initializers'
  /home/ec2-user/.rbenv/versions/2.6.4/lib/ruby/2.6.0/tsort.rb:228:in `block in tsort_each'
  /home/ec2-user/.rbenv/versions/2.6.4/lib/ruby/2.6.0/tsort.rb:350:in `block (2 levels) in each_strongly_connected_component'
  /home/ec2-user/.rbenv/versions/2.6.4/lib/ruby/2.6.0/tsort.rb:431:in `each_strongly_connected_component_from'
  /home/ec2-user/.rbenv/versions/2.6.4/lib/ruby/2.6.0/tsort.rb:349:in `block in each_strongly_connected_component'
  /home/ec2-user/.rbenv/versions/2.6.4/lib/ruby/2.6.0/tsort.rb:347:in `each'
  /home/ec2-user/.rbenv/versions/2.6.4/lib/ruby/2.6.0/tsort.rb:347:in `call'
  /home/ec2-user/.rbenv/versions/2.6.4/lib/ruby/2.6.0/tsort.rb:347:in `each_strongly_connected_component'
  /home/ec2-user/.rbenv/versions/2.6.4/lib/ruby/2.6.0/tsort.rb:226:in `tsort_each'
  /home/ec2-user/.rbenv/versions/2.6.4/lib/ruby/2.6.0/tsort.rb:205:in `tsort_each'
  /var/www/study-meter/shared/bundle/ruby/2.6.0/gems/railties-6.0.3.2/lib/rails/initializable.rb:60:in `run_initializers'
  /var/www/study-meter/shared/bundle/ruby/2.6.0/gems/railties-6.0.3.2/lib/rails/application.rb:363:in `initialize!'
  /var/www/study-meter/releases/20200719174851/config/environment.rb:5:in `<top (required)>'
  config.ru:4:in `require_relative'
  config.ru:4:in `block in <main>'
  /var/www/study-meter/shared/bundle/ruby/2.6.0/gems/rack-2.2.3/lib/rack/builder.rb:125:in `instance_eval'
  /var/www/study-meter/shared/bundle/ruby/2.6.0/gems/rack-2.2.3/lib/rack/builder.rb:125:in `initialize'
  config.ru:1:in `new'
  config.ru:1:in `<main>'
  /var/www/study-meter/shared/bundle/ruby/2.6.0/gems/unicorn-5.4.1/lib/unicorn.rb:56:in `eval'
  /var/www/study-meter/shared/bundle/ruby/2.6.0/gems/unicorn-5.4.1/lib/unicorn.rb:56:in `block in builder'
  /var/www/study-meter/shared/bundle/ruby/2.6.0/gems/unicorn-5.4.1/lib/unicorn/http_server.rb:795:in `build_app!'
  /var/www/study-meter/shared/bundle/ruby/2.6.0/gems/unicorn-5.4.1/lib/unicorn/http_server.rb:139:in `start'
  /var/www/study-meter/shared/bundle/ruby/2.6.0/gems/unicorn-5.4.1/bin/unicorn:126:in `<top (required)>'
  /var/www/study-meter/shared/bundle/ruby/2.6.0/bin/unicorn:23:in `load'
  /var/www/study-meter/shared/bundle/ruby/2.6.0/bin/unicorn:23:in `<top (required)>'
I, [2020-07-19T18:09:44.499441 #3969]  INFO -- : Refreshing Gem list
Zeitwerk::NameError: expected file /var/www/study-meter/releases/20200719180814/app/forms/admin/app_user_form.rb to define constant Admin::AppUserForm, but didn't
  /var/www/study-meter/shared/bundle/ruby/2.6.0/gems/zeitwerk-2.3.1/lib/zeitwerk/loader/callbacks.rb:17:in `on_file_autoloaded'
  /var/www/study-meter/shared/bundle/ruby/2.6.0/gems/zeitwerk-2.3.1/lib/zeitwerk/kernel.rb:28:in `block in require'
  /var/www/study-meter/shared/bundle/ruby/2.6.0/gems/zeitwerk-2.3.1/lib/zeitwerk/kernel.rb:27:in `tap'
  /var/www/study-meter/shared/bundle/ruby/2.6.0/gems/zeitwerk-2.3.1/lib/zeitwerk/kernel.rb:27:in `require'
  /var/www/study-meter/shared/bundle/ruby/2.6.0/gems/zeitwerk-2.3.1/lib/zeitwerk/loader.rb:381:in `const_get'
  /var/www/study-meter/shared/bundle/ruby/2.6.0/gems/zeitwerk-2.3.1/lib/zeitwerk/loader.rb:381:in `block (2 levels) in eager_load'
  /var/www/study-meter/shared/bundle/ruby/2.6.0/gems/zeitwerk-2.3.1/lib/zeitwerk/loader.rb:731:in `block in ls'
  /var/www/study-meter/shared/bundle/ruby/2.6.0/gems/zeitwerk-2.3.1/lib/zeitwerk/loader.rb:723:in `foreach'
  /var/www/study-meter/shared/bundle/ruby/2.6.0/gems/zeitwerk-2.3.1/lib/zeitwerk/loader.rb:723:in `ls'
  /var/www/study-meter/shared/bundle/ruby/2.6.0/gems/zeitwerk-2.3.1/lib/zeitwerk/loader.rb:376:in `block in eager_load'
  /var/www/study-meter/shared/bundle/ruby/2.6.0/gems/zeitwerk-2.3.1/lib/zeitwerk/loader.rb:368:in `synchronize'
  /var/www/study-meter/shared/bundle/ruby/2.6.0/gems/zeitwerk-2.3.1/lib/zeitwerk/loader.rb:368:in `eager_load'
  /var/www/study-meter/shared/bundle/ruby/2.6.0/gems/zeitwerk-2.3.1/lib/zeitwerk/loader.rb:483:in `each'
  /var/www/study-meter/shared/bundle/ruby/2.6.0/gems/zeitwerk-2.3.1/lib/zeitwerk/loader.rb:483:in `eager_load_all'
  /var/www/study-meter/shared/bundle/ruby/2.6.0/gems/railties-6.0.3.2/lib/rails/application/finisher.rb:122:in `block in <module:Finisher>'
  /var/www/study-meter/shared/bundle/ruby/2.6.0/gems/railties-6.0.3.2/lib/rails/initializable.rb:32:in `instance_exec'
  /var/www/study-meter/shared/bundle/ruby/2.6.0/gems/railties-6.0.3.2/lib/rails/initializable.rb:32:in `run'
  /var/www/study-meter/shared/bundle/ruby/2.6.0/gems/railties-6.0.3.2/lib/rails/initializable.rb:61:in `block in run_initializers'
  /home/ec2-user/.rbenv/versions/2.6.4/lib/ruby/2.6.0/tsort.rb:228:in `block in tsort_each'
  /home/ec2-user/.rbenv/versions/2.6.4/lib/ruby/2.6.0/tsort.rb:350:in `block (2 levels) in each_strongly_connected_component'
  /home/ec2-user/.rbenv/versions/2.6.4/lib/ruby/2.6.0/tsort.rb:431:in `each_strongly_connected_component_from'
  /home/ec2-user/.rbenv/versions/2.6.4/lib/ruby/2.6.0/tsort.rb:349:in `block in each_strongly_connected_component'
  /home/ec2-user/.rbenv/versions/2.6.4/lib/ruby/2.6.0/tsort.rb:347:in `each'
  /home/ec2-user/.rbenv/versions/2.6.4/lib/ruby/2.6.0/tsort.rb:347:in `call'
  /home/ec2-user/.rbenv/versions/2.6.4/lib/ruby/2.6.0/tsort.rb:347:in `each_strongly_connected_component'
  /home/ec2-user/.rbenv/versions/2.6.4/lib/ruby/2.6.0/tsort.rb:226:in `tsort_each'
  /home/ec2-user/.rbenv/versions/2.6.4/lib/ruby/2.6.0/tsort.rb:205:in `tsort_each'
  /var/www/study-meter/shared/bundle/ruby/2.6.0/gems/railties-6.0.3.2/lib/rails/initializable.rb:60:in `run_initializers'
  /var/www/study-meter/shared/bundle/ruby/2.6.0/gems/railties-6.0.3.2/lib/rails/application.rb:363:in `initialize!'
  /var/www/study-meter/releases/20200719180814/config/environment.rb:5:in `<top (required)>'
  config.ru:4:in `require_relative'
  config.ru:4:in `block in <main>'
  /var/www/study-meter/shared/bundle/ruby/2.6.0/gems/rack-2.2.3/lib/rack/builder.rb:125:in `instance_eval'
  /var/www/study-meter/shared/bundle/ruby/2.6.0/gems/rack-2.2.3/lib/rack/builder.rb:125:in `initialize'
  config.ru:1:in `new'
  config.ru:1:in `<main>'
  /var/www/study-meter/shared/bundle/ruby/2.6.0/gems/unicorn-5.4.1/lib/unicorn.rb:56:in `eval'
  /var/www/study-meter/shared/bundle/ruby/2.6.0/gems/unicorn-5.4.1/lib/unicorn.rb:56:in `block in builder'
  /var/www/study-meter/shared/bundle/ruby/2.6.0/gems/unicorn-5.4.1/lib/unicorn/http_server.rb:795:in `build_app!'
  /var/www/study-meter/shared/bundle/ruby/2.6.0/gems/unicorn-5.4.1/lib/unicorn/http_server.rb:139:in `start'
  /var/www/study-meter/shared/bundle/ruby/2.6.0/gems/unicorn-5.4.1/bin/unicorn:126:in `<top (required)>'
  /var/www/study-meter/shared/bundle/ruby/2.6.0/bin/unicorn:23:in `load'
  /var/www/study-meter/shared/bundle/ruby/2.6.0/bin/unicorn:23:in `<top (required)>'
I, [2020-07-20T00:15:15.872669 #6528]  INFO -- : Refreshing Gem list
Zeitwerk::NameError: expected file /var/www/study-meter/releases/20200720001340/app/forms/admin/app_user_form.rb to define constant Admin::AppUserForm, but didn't
  /var/www/study-meter/shared/bundle/ruby/2.6.0/gems/zeitwerk-2.3.1/lib/zeitwerk/loader/callbacks.rb:17:in `on_file_autoloaded'
  /var/www/study-meter/shared/bundle/ruby/2.6.0/gems/zeitwerk-2.3.1/lib/zeitwerk/kernel.rb:28:in `block in require'
  /var/www/study-meter/shared/bundle/ruby/2.6.0/gems/zeitwerk-2.3.1/lib/zeitwerk/kernel.rb:27:in `tap'
  /var/www/study-meter/shared/bundle/ruby/2.6.0/gems/zeitwerk-2.3.1/lib/zeitwerk/kernel.rb:27:in `require'
  /var/www/study-meter/shared/bundle/ruby/2.6.0/gems/zeitwerk-2.3.1/lib/zeitwerk/loader.rb:381:in `const_get'
  /var/www/study-meter/shared/bundle/ruby/2.6.0/gems/zeitwerk-2.3.1/lib/zeitwerk/loader.rb:381:in `block (2 levels) in eager_load'
  /var/www/study-meter/shared/bundle/ruby/2.6.0/gems/zeitwerk-2.3.1/lib/zeitwerk/loader.rb:731:in `block in ls'
  /var/www/study-meter/shared/bundle/ruby/2.6.0/gems/zeitwerk-2.3.1/lib/zeitwerk/loader.rb:723:in `foreach'
  /var/www/study-meter/shared/bundle/ruby/2.6.0/gems/zeitwerk-2.3.1/lib/zeitwerk/loader.rb:723:in `ls'
  /var/www/study-meter/shared/bundle/ruby/2.6.0/gems/zeitwerk-2.3.1/lib/zeitwerk/loader.rb:376:in `block in eager_load'
  /var/www/study-meter/shared/bundle/ruby/2.6.0/gems/zeitwerk-2.3.1/lib/zeitwerk/loader.rb:368:in `synchronize'
  /var/www/study-meter/shared/bundle/ruby/2.6.0/gems/zeitwerk-2.3.1/lib/zeitwerk/loader.rb:368:in `eager_load'
  /var/www/study-meter/shared/bundle/ruby/2.6.0/gems/zeitwerk-2.3.1/lib/zeitwerk/loader.rb:483:in `each'
  /var/www/study-meter/shared/bundle/ruby/2.6.0/gems/zeitwerk-2.3.1/lib/zeitwerk/loader.rb:483:in `eager_load_all'
  /var/www/study-meter/shared/bundle/ruby/2.6.0/gems/railties-6.0.3.2/lib/rails/application/finisher.rb:122:in `block in <module:Finisher>'
  /var/www/study-meter/shared/bundle/ruby/2.6.0/gems/railties-6.0.3.2/lib/rails/initializable.rb:32:in `instance_exec'
  /var/www/study-meter/shared/bundle/ruby/2.6.0/gems/railties-6.0.3.2/lib/rails/initializable.rb:32:in `run'
  /var/www/study-meter/shared/bundle/ruby/2.6.0/gems/railties-6.0.3.2/lib/rails/initializable.rb:61:in `block in run_initializers'
  /home/ec2-user/.rbenv/versions/2.6.4/lib/ruby/2.6.0/tsort.rb:228:in `block in tsort_each'
  /home/ec2-user/.rbenv/versions/2.6.4/lib/ruby/2.6.0/tsort.rb:350:in `block (2 levels) in each_strongly_connected_component'
  /home/ec2-user/.rbenv/versions/2.6.4/lib/ruby/2.6.0/tsort.rb:431:in `each_strongly_connected_component_from'
  /home/ec2-user/.rbenv/versions/2.6.4/lib/ruby/2.6.0/tsort.rb:349:in `block in each_strongly_connected_component'
  /home/ec2-user/.rbenv/versions/2.6.4/lib/ruby/2.6.0/tsort.rb:347:in `each'
  /home/ec2-user/.rbenv/versions/2.6.4/lib/ruby/2.6.0/tsort.rb:347:in `call'
  /home/ec2-user/.rbenv/versions/2.6.4/lib/ruby/2.6.0/tsort.rb:347:in `each_strongly_connected_component'
  /home/ec2-user/.rbenv/versions/2.6.4/lib/ruby/2.6.0/tsort.rb:226:in `tsort_each'
  /home/ec2-user/.rbenv/versions/2.6.4/lib/ruby/2.6.0/tsort.rb:205:in `tsort_each'
  /var/www/study-meter/shared/bundle/ruby/2.6.0/gems/railties-6.0.3.2/lib/rails/initializable.rb:60:in `run_initializers'
  /var/www/study-meter/shared/bundle/ruby/2.6.0/gems/railties-6.0.3.2/lib/rails/application.rb:363:in `initialize!'
  /var/www/study-meter/releases/20200720001340/config/environment.rb:5:in `<top (required)>'
  config.ru:4:in `require_relative'
  config.ru:4:in `block in <main>'
  /var/www/study-meter/shared/bundle/ruby/2.6.0/gems/rack-2.2.3/lib/rack/builder.rb:125:in `instance_eval'
  /var/www/study-meter/shared/bundle/ruby/2.6.0/gems/rack-2.2.3/lib/rack/builder.rb:125:in `initialize'
  config.ru:1:in `new'
  config.ru:1:in `<main>'
  /var/www/study-meter/shared/bundle/ruby/2.6.0/gems/unicorn-5.4.1/lib/unicorn.rb:56:in `eval'
  /var/www/study-meter/shared/bundle/ruby/2.6.0/gems/unicorn-5.4.1/lib/unicorn.rb:56:in `block in builder'
  /var/www/study-meter/shared/bundle/ruby/2.6.0/gems/unicorn-5.4.1/lib/unicorn/http_server.rb:795:in `build_app!'
  /var/www/study-meter/shared/bundle/ruby/2.6.0/gems/unicorn-5.4.1/lib/unicorn/http_server.rb:139:in `start'
  /var/www/study-meter/shared/bundle/ruby/2.6.0/gems/unicorn-5.4.1/bin/unicorn:126:in `<top (required)>'
  /var/www/study-meter/shared/bundle/ruby/2.6.0/bin/unicorn:23:in `load'
  /var/www/study-meter/shared/bundle/ruby/2.6.0/bin/unicorn:23:in `<top (required)>'
I, [2020-07-20T00:23:57.010041 #7758]  INFO -- : Refreshing Gem list
Zeitwerk::NameError: expected file /var/www/study-meter/releases/20200720002229/app/forms/admin/app_user_form.rb to define constant Admin::AppUserForm, but didn't
  /var/www/study-meter/shared/bundle/ruby/2.6.0/gems/zeitwerk-2.3.1/lib/zeitwerk/loader/callbacks.rb:17:in `on_file_autoloaded'
  /var/www/study-meter/shared/bundle/ruby/2.6.0/gems/zeitwerk-2.3.1/lib/zeitwerk/kernel.rb:28:in `block in require'
  /var/www/study-meter/shared/bundle/ruby/2.6.0/gems/zeitwerk-2.3.1/lib/zeitwerk/kernel.rb:27:in `tap'
  /var/www/study-meter/shared/bundle/ruby/2.6.0/gems/zeitwerk-2.3.1/lib/zeitwerk/kernel.rb:27:in `require'
  /var/www/study-meter/shared/bundle/ruby/2.6.0/gems/zeitwerk-2.3.1/lib/zeitwerk/loader.rb:381:in `const_get'
  /var/www/study-meter/shared/bundle/ruby/2.6.0/gems/zeitwerk-2.3.1/lib/zeitwerk/loader.rb:381:in `block (2 levels) in eager_load'
  /var/www/study-meter/shared/bundle/ruby/2.6.0/gems/zeitwerk-2.3.1/lib/zeitwerk/loader.rb:731:in `block in ls'
  /var/www/study-meter/shared/bundle/ruby/2.6.0/gems/zeitwerk-2.3.1/lib/zeitwerk/loader.rb:723:in `foreach'
  /var/www/study-meter/shared/bundle/ruby/2.6.0/gems/zeitwerk-2.3.1/lib/zeitwerk/loader.rb:723:in `ls'
  /var/www/study-meter/shared/bundle/ruby/2.6.0/gems/zeitwerk-2.3.1/lib/zeitwerk/loader.rb:376:in `block in eager_load'
  /var/www/study-meter/shared/bundle/ruby/2.6.0/gems/zeitwerk-2.3.1/lib/zeitwerk/loader.rb:368:in `synchronize'
  /var/www/study-meter/shared/bundle/ruby/2.6.0/gems/zeitwerk-2.3.1/lib/zeitwerk/loader.rb:368:in `eager_load'
  /var/www/study-meter/shared/bundle/ruby/2.6.0/gems/zeitwerk-2.3.1/lib/zeitwerk/loader.rb:483:in `each'
  /var/www/study-meter/shared/bundle/ruby/2.6.0/gems/zeitwerk-2.3.1/lib/zeitwerk/loader.rb:483:in `eager_load_all'
  /var/www/study-meter/shared/bundle/ruby/2.6.0/gems/railties-6.0.3.2/lib/rails/application/finisher.rb:122:in `block in <module:Finisher>'
  /var/www/study-meter/shared/bundle/ruby/2.6.0/gems/railties-6.0.3.2/lib/rails/initializable.rb:32:in `instance_exec'
  /var/www/study-meter/shared/bundle/ruby/2.6.0/gems/railties-6.0.3.2/lib/rails/initializable.rb:32:in `run'
  /var/www/study-meter/shared/bundle/ruby/2.6.0/gems/railties-6.0.3.2/lib/rails/initializable.rb:61:in `block in run_initializers'
  /home/ec2-user/.rbenv/versions/2.6.4/lib/ruby/2.6.0/tsort.rb:228:in `block in tsort_each'
  /home/ec2-user/.rbenv/versions/2.6.4/lib/ruby/2.6.0/tsort.rb:350:in `block (2 levels) in each_strongly_connected_component'
  /home/ec2-user/.rbenv/versions/2.6.4/lib/ruby/2.6.0/tsort.rb:431:in `each_strongly_connected_component_from'
  /home/ec2-user/.rbenv/versions/2.6.4/lib/ruby/2.6.0/tsort.rb:349:in `block in each_strongly_connected_component'
  /home/ec2-user/.rbenv/versions/2.6.4/lib/ruby/2.6.0/tsort.rb:347:in `each'
  /home/ec2-user/.rbenv/versions/2.6.4/lib/ruby/2.6.0/tsort.rb:347:in `call'
  /home/ec2-user/.rbenv/versions/2.6.4/lib/ruby/2.6.0/tsort.rb:347:in `each_strongly_connected_component'
  /home/ec2-user/.rbenv/versions/2.6.4/lib/ruby/2.6.0/tsort.rb:226:in `tsort_each'
  /home/ec2-user/.rbenv/versions/2.6.4/lib/ruby/2.6.0/tsort.rb:205:in `tsort_each'
  /var/www/study-meter/shared/bundle/ruby/2.6.0/gems/railties-6.0.3.2/lib/rails/initializable.rb:60:in `run_initializers'
  /var/www/study-meter/shared/bundle/ruby/2.6.0/gems/railties-6.0.3.2/lib/rails/application.rb:363:in `initialize!'
  /var/www/study-meter/releases/20200720002229/config/environment.rb:5:in `<top (required)>'
  config.ru:4:in `require_relative'
  config.ru:4:in `block in <main>'
  /var/www/study-meter/shared/bundle/ruby/2.6.0/gems/rack-2.2.3/lib/rack/builder.rb:125:in `instance_eval'
  /var/www/study-meter/shared/bundle/ruby/2.6.0/gems/rack-2.2.3/lib/rack/builder.rb:125:in `initialize'
  config.ru:1:in `new'
  config.ru:1:in `<main>'
  /var/www/study-meter/shared/bundle/ruby/2.6.0/gems/unicorn-5.4.1/lib/unicorn.rb:56:in `eval'
  /var/www/study-meter/shared/bundle/ruby/2.6.0/gems/unicorn-5.4.1/lib/unicorn.rb:56:in `block in builder'
  /var/www/study-meter/shared/bundle/ruby/2.6.0/gems/unicorn-5.4.1/lib/unicorn/http_server.rb:795:in `build_app!'
  /var/www/study-meter/shared/bundle/ruby/2.6.0/gems/unicorn-5.4.1/lib/unicorn/http_server.rb:139:in `start'
  /var/www/study-meter/shared/bundle/ruby/2.6.0/gems/unicorn-5.4.1/bin/unicorn:126:in `<top (required)>'
  /var/www/study-meter/shared/bundle/ruby/2.6.0/bin/unicorn:23:in `load'
  /var/www/study-meter/shared/bundle/ruby/2.6.0/bin/unicorn:23:in `<top (required)>'
I, [2020-07-20T00:39:24.562766 #8978]  INFO -- : Refreshing Gem list
Zeitwerk::NameError: expected file /var/www/study-meter/releases/20200720003758/app/forms/admin/app_user_form.rb to define constant Admin::AppUserForm, but didn't
  /var/www/study-meter/shared/bundle/ruby/2.6.0/gems/zeitwerk-2.3.1/lib/zeitwerk/loader/callbacks.rb:17:in `on_file_autoloaded'
  /var/www/study-meter/shared/bundle/ruby/2.6.0/gems/zeitwerk-2.3.1/lib/zeitwerk/kernel.rb:28:in `block in require'
  /var/www/study-meter/shared/bundle/ruby/2.6.0/gems/zeitwerk-2.3.1/lib/zeitwerk/kernel.rb:27:in `tap'
  /var/www/study-meter/shared/bundle/ruby/2.6.0/gems/zeitwerk-2.3.1/lib/zeitwerk/kernel.rb:27:in `require'
  /var/www/study-meter/shared/bundle/ruby/2.6.0/gems/zeitwerk-2.3.1/lib/zeitwerk/loader.rb:381:in `const_get'
  /var/www/study-meter/shared/bundle/ruby/2.6.0/gems/zeitwerk-2.3.1/lib/zeitwerk/loader.rb:381:in `block (2 levels) in eager_load'
  /var/www/study-meter/shared/bundle/ruby/2.6.0/gems/zeitwerk-2.3.1/lib/zeitwerk/loader.rb:731:in `block in ls'
  /var/www/study-meter/shared/bundle/ruby/2.6.0/gems/zeitwerk-2.3.1/lib/zeitwerk/loader.rb:723:in `foreach'
  /var/www/study-meter/shared/bundle/ruby/2.6.0/gems/zeitwerk-2.3.1/lib/zeitwerk/loader.rb:723:in `ls'
  /var/www/study-meter/shared/bundle/ruby/2.6.0/gems/zeitwerk-2.3.1/lib/zeitwerk/loader.rb:376:in `block in eager_load'
  /var/www/study-meter/shared/bundle/ruby/2.6.0/gems/zeitwerk-2.3.1/lib/zeitwerk/loader.rb:368:in `synchronize'
  /var/www/study-meter/shared/bundle/ruby/2.6.0/gems/zeitwerk-2.3.1/lib/zeitwerk/loader.rb:368:in `eager_load'
  /var/www/study-meter/shared/bundle/ruby/2.6.0/gems/zeitwerk-2.3.1/lib/zeitwerk/loader.rb:483:in `each'
  /var/www/study-meter/shared/bundle/ruby/2.6.0/gems/zeitwerk-2.3.1/lib/zeitwerk/loader.rb:483:in `eager_load_all'
  /var/www/study-meter/shared/bundle/ruby/2.6.0/gems/railties-6.0.3.2/lib/rails/application/finisher.rb:122:in `block in <module:Finisher>'
  /var/www/study-meter/shared/bundle/ruby/2.6.0/gems/railties-6.0.3.2/lib/rails/initializable.rb:32:in `instance_exec'
  /var/www/study-meter/shared/bundle/ruby/2.6.0/gems/railties-6.0.3.2/lib/rails/initializable.rb:32:in `run'
  /var/www/study-meter/shared/bundle/ruby/2.6.0/gems/railties-6.0.3.2/lib/rails/initializable.rb:61:in `block in run_initializers'
  /home/ec2-user/.rbenv/versions/2.6.4/lib/ruby/2.6.0/tsort.rb:228:in `block in tsort_each'
  /home/ec2-user/.rbenv/versions/2.6.4/lib/ruby/2.6.0/tsort.rb:350:in `block (2 levels) in each_strongly_connected_component'
  /home/ec2-user/.rbenv/versions/2.6.4/lib/ruby/2.6.0/tsort.rb:431:in `each_strongly_connected_component_from'
  /home/ec2-user/.rbenv/versions/2.6.4/lib/ruby/2.6.0/tsort.rb:349:in `block in each_strongly_connected_component'
  /home/ec2-user/.rbenv/versions/2.6.4/lib/ruby/2.6.0/tsort.rb:347:in `each'
  /home/ec2-user/.rbenv/versions/2.6.4/lib/ruby/2.6.0/tsort.rb:347:in `call'
  /home/ec2-user/.rbenv/versions/2.6.4/lib/ruby/2.6.0/tsort.rb:347:in `each_strongly_connected_component'
  /home/ec2-user/.rbenv/versions/2.6.4/lib/ruby/2.6.0/tsort.rb:226:in `tsort_each'
  /home/ec2-user/.rbenv/versions/2.6.4/lib/ruby/2.6.0/tsort.rb:205:in `tsort_each'
  /var/www/study-meter/shared/bundle/ruby/2.6.0/gems/railties-6.0.3.2/lib/rails/initializable.rb:60:in `run_initializers'
  /var/www/study-meter/shared/bundle/ruby/2.6.0/gems/railties-6.0.3.2/lib/rails/application.rb:363:in `initialize!'
  /var/www/study-meter/releases/20200720003758/config/environment.rb:5:in `<top (required)>'
  config.ru:4:in `require_relative'
  config.ru:4:in `block in <main>'
  /var/www/study-meter/shared/bundle/ruby/2.6.0/gems/rack-2.2.3/lib/rack/builder.rb:125:in `instance_eval'
  /var/www/study-meter/shared/bundle/ruby/2.6.0/gems/rack-2.2.3/lib/rack/builder.rb:125:in `initialize'
  config.ru:1:in `new'
  config.ru:1:in `<main>'
  /var/www/study-meter/shared/bundle/ruby/2.6.0/gems/unicorn-5.4.1/lib/unicorn.rb:56:in `eval'
  /var/www/study-meter/shared/bundle/ruby/2.6.0/gems/unicorn-5.4.1/lib/unicorn.rb:56:in `block in builder'
  /var/www/study-meter/shared/bundle/ruby/2.6.0/gems/unicorn-5.4.1/lib/unicorn/http_server.rb:795:in `build_app!'
  /var/www/study-meter/shared/bundle/ruby/2.6.0/gems/unicorn-5.4.1/lib/unicorn/http_server.rb:139:in `start'
  /var/www/study-meter/shared/bundle/ruby/2.6.0/gems/unicorn-5.4.1/bin/unicorn:126:in `<top (required)>'
  /var/www/study-meter/shared/bundle/ruby/2.6.0/bin/unicorn:23:in `load'
  /var/www/study-meter/shared/bundle/ruby/2.6.0/bin/unicorn:23:in `<top (required)>'
I, [2020-07-20T01:04:51.894784 #10381]  INFO -- : Refreshing Gem list
Zeitwerk::NameError: expected file /var/www/study-meter/releases/20200720010321/app/forms/admin/app_user_form.rb to define constant Admin::AppUserForm, but didn't
  /var/www/study-meter/shared/bundle/ruby/2.6.0/gems/zeitwerk-2.3.1/lib/zeitwerk/loader/callbacks.rb:17:in `on_file_autoloaded'
  /var/www/study-meter/shared/bundle/ruby/2.6.0/gems/zeitwerk-2.3.1/lib/zeitwerk/kernel.rb:28:in `block in require'
  /var/www/study-meter/shared/bundle/ruby/2.6.0/gems/zeitwerk-2.3.1/lib/zeitwerk/kernel.rb:27:in `tap'
  /var/www/study-meter/shared/bundle/ruby/2.6.0/gems/zeitwerk-2.3.1/lib/zeitwerk/kernel.rb:27:in `require'
  /var/www/study-meter/shared/bundle/ruby/2.6.0/gems/zeitwerk-2.3.1/lib/zeitwerk/loader.rb:381:in `const_get'
  /var/www/study-meter/shared/bundle/ruby/2.6.0/gems/zeitwerk-2.3.1/lib/zeitwerk/loader.rb:381:in `block (2 levels) in eager_load'
  /var/www/study-meter/shared/bundle/ruby/2.6.0/gems/zeitwerk-2.3.1/lib/zeitwerk/loader.rb:731:in `block in ls'
  /var/www/study-meter/shared/bundle/ruby/2.6.0/gems/zeitwerk-2.3.1/lib/zeitwerk/loader.rb:723:in `foreach'
  /var/www/study-meter/shared/bundle/ruby/2.6.0/gems/zeitwerk-2.3.1/lib/zeitwerk/loader.rb:723:in `ls'
  /var/www/study-meter/shared/bundle/ruby/2.6.0/gems/zeitwerk-2.3.1/lib/zeitwerk/loader.rb:376:in `block in eager_load'
  /var/www/study-meter/shared/bundle/ruby/2.6.0/gems/zeitwerk-2.3.1/lib/zeitwerk/loader.rb:368:in `synchronize'
  /var/www/study-meter/shared/bundle/ruby/2.6.0/gems/zeitwerk-2.3.1/lib/zeitwerk/loader.rb:368:in `eager_load'
  /var/www/study-meter/shared/bundle/ruby/2.6.0/gems/zeitwerk-2.3.1/lib/zeitwerk/loader.rb:483:in `each'
  /var/www/study-meter/shared/bundle/ruby/2.6.0/gems/zeitwerk-2.3.1/lib/zeitwerk/loader.rb:483:in `eager_load_all'
  /var/www/study-meter/shared/bundle/ruby/2.6.0/gems/railties-6.0.3.2/lib/rails/application/finisher.rb:122:in `block in <module:Finisher>'
  /var/www/study-meter/shared/bundle/ruby/2.6.0/gems/railties-6.0.3.2/lib/rails/initializable.rb:32:in `instance_exec'
  /var/www/study-meter/shared/bundle/ruby/2.6.0/gems/railties-6.0.3.2/lib/rails/initializable.rb:32:in `run'
  /var/www/study-meter/shared/bundle/ruby/2.6.0/gems/railties-6.0.3.2/lib/rails/initializable.rb:61:in `block in run_initializers'
  /home/ec2-user/.rbenv/versions/2.6.4/lib/ruby/2.6.0/tsort.rb:228:in `block in tsort_each'
  /home/ec2-user/.rbenv/versions/2.6.4/lib/ruby/2.6.0/tsort.rb:350:in `block (2 levels) in each_strongly_connected_component'
  /home/ec2-user/.rbenv/versions/2.6.4/lib/ruby/2.6.0/tsort.rb:431:in `each_strongly_connected_component_from'
  /home/ec2-user/.rbenv/versions/2.6.4/lib/ruby/2.6.0/tsort.rb:349:in `block in each_strongly_connected_component'
  /home/ec2-user/.rbenv/versions/2.6.4/lib/ruby/2.6.0/tsort.rb:347:in `each'
  /home/ec2-user/.rbenv/versions/2.6.4/lib/ruby/2.6.0/tsort.rb:347:in `call'
  /home/ec2-user/.rbenv/versions/2.6.4/lib/ruby/2.6.0/tsort.rb:347:in `each_strongly_connected_component'
  /home/ec2-user/.rbenv/versions/2.6.4/lib/ruby/2.6.0/tsort.rb:226:in `tsort_each'
  /home/ec2-user/.rbenv/versions/2.6.4/lib/ruby/2.6.0/tsort.rb:205:in `tsort_each'
  /var/www/study-meter/shared/bundle/ruby/2.6.0/gems/railties-6.0.3.2/lib/rails/initializable.rb:60:in `run_initializers'
  /var/www/study-meter/shared/bundle/ruby/2.6.0/gems/railties-6.0.3.2/lib/rails/application.rb:363:in `initialize!'
  /var/www/study-meter/releases/20200720010321/config/environment.rb:5:in `<top (required)>'
  config.ru:4:in `require_relative'
  config.ru:4:in `block in <main>'
  /var/www/study-meter/shared/bundle/ruby/2.6.0/gems/rack-2.2.3/lib/rack/builder.rb:125:in `instance_eval'
  /var/www/study-meter/shared/bundle/ruby/2.6.0/gems/rack-2.2.3/lib/rack/builder.rb:125:in `initialize'
  config.ru:1:in `new'
  config.ru:1:in `<main>'
  /var/www/study-meter/shared/bundle/ruby/2.6.0/gems/unicorn-5.4.1/lib/unicorn.rb:56:in `eval'
  /var/www/study-meter/shared/bundle/ruby/2.6.0/gems/unicorn-5.4.1/lib/unicorn.rb:56:in `block in builder'
  /var/www/study-meter/shared/bundle/ruby/2.6.0/gems/unicorn-5.4.1/lib/unicorn/http_server.rb:795:in `build_app!'
  /var/www/study-meter/shared/bundle/ruby/2.6.0/gems/unicorn-5.4.1/lib/unicorn/http_server.rb:139:in `start'
  /var/www/study-meter/shared/bundle/ruby/2.6.0/gems/unicorn-5.4.1/bin/unicorn:126:in `<top (required)>'
  /var/www/study-meter/shared/bundle/ruby/2.6.0/bin/unicorn:23:in `load'
  /var/www/study-meter/shared/bundle/ruby/2.6.0/bin/unicorn:23:in `<top (required)>'
I, [2020-07-20T05:16:00.821480 #15405]  INFO -- : Refreshing Gem list
Zeitwerk::NameError: expected file /var/www/study-meter/releases/20200720051427/app/forms/admin/app_user_form.rb to define constant Admin::AppUserForm, but didn't
  /var/www/study-meter/shared/bundle/ruby/2.6.0/gems/zeitwerk-2.3.1/lib/zeitwerk/loader/callbacks.rb:17:in `on_file_autoloaded'
  /var/www/study-meter/shared/bundle/ruby/2.6.0/gems/zeitwerk-2.3.1/lib/zeitwerk/kernel.rb:28:in `block in require'
  /var/www/study-meter/shared/bundle/ruby/2.6.0/gems/zeitwerk-2.3.1/lib/zeitwerk/kernel.rb:27:in `tap'
  /var/www/study-meter/shared/bundle/ruby/2.6.0/gems/zeitwerk-2.3.1/lib/zeitwerk/kernel.rb:27:in `require'
  /var/www/study-meter/shared/bundle/ruby/2.6.0/gems/zeitwerk-2.3.1/lib/zeitwerk/loader.rb:381:in `const_get'
  /var/www/study-meter/shared/bundle/ruby/2.6.0/gems/zeitwerk-2.3.1/lib/zeitwerk/loader.rb:381:in `block (2 levels) in eager_load'
  /var/www/study-meter/shared/bundle/ruby/2.6.0/gems/zeitwerk-2.3.1/lib/zeitwerk/loader.rb:731:in `block in ls'
  /var/www/study-meter/shared/bundle/ruby/2.6.0/gems/zeitwerk-2.3.1/lib/zeitwerk/loader.rb:723:in `foreach'
  /var/www/study-meter/shared/bundle/ruby/2.6.0/gems/zeitwerk-2.3.1/lib/zeitwerk/loader.rb:723:in `ls'
  /var/www/study-meter/shared/bundle/ruby/2.6.0/gems/zeitwerk-2.3.1/lib/zeitwerk/loader.rb:376:in `block in eager_load'
  /var/www/study-meter/shared/bundle/ruby/2.6.0/gems/zeitwerk-2.3.1/lib/zeitwerk/loader.rb:368:in `synchronize'
  /var/www/study-meter/shared/bundle/ruby/2.6.0/gems/zeitwerk-2.3.1/lib/zeitwerk/loader.rb:368:in `eager_load'
  /var/www/study-meter/shared/bundle/ruby/2.6.0/gems/zeitwerk-2.3.1/lib/zeitwerk/loader.rb:483:in `each'
  /var/www/study-meter/shared/bundle/ruby/2.6.0/gems/zeitwerk-2.3.1/lib/zeitwerk/loader.rb:483:in `eager_load_all'
  /var/www/study-meter/shared/bundle/ruby/2.6.0/gems/railties-6.0.3.2/lib/rails/application/finisher.rb:122:in `block in <module:Finisher>'
  /var/www/study-meter/shared/bundle/ruby/2.6.0/gems/railties-6.0.3.2/lib/rails/initializable.rb:32:in `instance_exec'
  /var/www/study-meter/shared/bundle/ruby/2.6.0/gems/railties-6.0.3.2/lib/rails/initializable.rb:32:in `run'
  /var/www/study-meter/shared/bundle/ruby/2.6.0/gems/railties-6.0.3.2/lib/rails/initializable.rb:61:in `block in run_initializers'
  /home/ec2-user/.rbenv/versions/2.6.4/lib/ruby/2.6.0/tsort.rb:228:in `block in tsort_each'
  /home/ec2-user/.rbenv/versions/2.6.4/lib/ruby/2.6.0/tsort.rb:350:in `block (2 levels) in each_strongly_connected_component'
  /home/ec2-user/.rbenv/versions/2.6.4/lib/ruby/2.6.0/tsort.rb:431:in `each_strongly_connected_component_from'
  /home/ec2-user/.rbenv/versions/2.6.4/lib/ruby/2.6.0/tsort.rb:349:in `block in each_strongly_connected_component'
  /home/ec2-user/.rbenv/versions/2.6.4/lib/ruby/2.6.0/tsort.rb:347:in `each'
  /home/ec2-user/.rbenv/versions/2.6.4/lib/ruby/2.6.0/tsort.rb:347:in `call'
  /home/ec2-user/.rbenv/versions/2.6.4/lib/ruby/2.6.0/tsort.rb:347:in `each_strongly_connected_component'
  /home/ec2-user/.rbenv/versions/2.6.4/lib/ruby/2.6.0/tsort.rb:226:in `tsort_each'
  /home/ec2-user/.rbenv/versions/2.6.4/lib/ruby/2.6.0/tsort.rb:205:in `tsort_each'
  /var/www/study-meter/shared/bundle/ruby/2.6.0/gems/railties-6.0.3.2/lib/rails/initializable.rb:60:in `run_initializers'
  /var/www/study-meter/shared/bundle/ruby/2.6.0/gems/railties-6.0.3.2/lib/rails/application.rb:363:in `initialize!'
  /var/www/study-meter/releases/20200720051427/config/environment.rb:5:in `<top (required)>'
  config.ru:4:in `require_relative'
  config.ru:4:in `block in <main>'
  /var/www/study-meter/shared/bundle/ruby/2.6.0/gems/rack-2.2.3/lib/rack/builder.rb:125:in `instance_eval'
  /var/www/study-meter/shared/bundle/ruby/2.6.0/gems/rack-2.2.3/lib/rack/builder.rb:125:in `initialize'
  config.ru:1:in `new'
  config.ru:1:in `<main>'
  /var/www/study-meter/shared/bundle/ruby/2.6.0/gems/unicorn-5.4.1/lib/unicorn.rb:56:in `eval'
  /var/www/study-meter/shared/bundle/ruby/2.6.0/gems/unicorn-5.4.1/lib/unicorn.rb:56:in `block in builder'
  /var/www/study-meter/shared/bundle/ruby/2.6.0/gems/unicorn-5.4.1/lib/unicorn/http_server.rb:795:in `build_app!'
  /var/www/study-meter/shared/bundle/ruby/2.6.0/gems/unicorn-5.4.1/lib/unicorn/http_server.rb:139:in `start'
  /var/www/study-meter/shared/bundle/ruby/2.6.0/gems/unicorn-5.4.1/bin/unicorn:126:in `<top (required)>'
  /var/www/study-meter/shared/bundle/ruby/2.6.0/bin/unicorn:23:in `load'
  /var/www/study-meter/shared/bundle/ruby/2.6.0/bin/unicorn:23:in `<top (required)>'
